# JRE version: OpenJDK Runtime Environment Temurin-17.0.13+11 (17.0.13+11) (build 17.0.13+11)
# Java VM: OpenJDK 64-Bit Server VM Temurin-17.0.13+11 (17.0.13+11, mixed mode, tiered, compressed oops, compressed class ptrs, parallel gc, windows-amd64)
GC Precious Log:
 CPUs: 16 total, 16 available
 Memory: 15613M
 Large Page Support: Disabled
 NUMA Support: Disabled
 Compressed Oops: Enabled (32-bit)
 Alignments: Space 512K, Generation 512K, Heap 2M
 Heap Min Capacity: 100M
 Heap Initial Capacity: 100M
 Heap Max Capacity: 1G
 Pre-touch: Disabled
 Parallel Workers: 13
Heap:
 PSYoungGen      total 6656K, used 3070K [0x00000000eab00000, 0x00000000eb580000, 0x0000000100000000)
  eden space 3072K, 3% used [0x00000000eab00000,0x00000000eab18f40,0x00000000eae00000)
  from space 3584K, 82% used [0x00000000eae00000,0x00000000eb0e6aa8,0x00000000eb180000)
  to   space 3584K, 0% used [0x00000000eb200000,0x00000000eb200000,0x00000000eb580000)
 ParOldGen       total 346112K, used 329972K [0x00000000c0000000, 0x00000000d5200000, 0x00000000eab00000)
  object space 346112K, 95% used [0x00000000c0000000,0x00000000d423d270,0x00000000d5200000)
 Metaspace       used 74714K, committed 75904K, reserved 1179648K
  class space    used 8399K, committed 8896K, reserved 1048576K
GC Heap History (20 events):
Event: 12.504 GC heap after
{Heap after GC invocations=221 (full 11):
 PSYoungGen      total 3584K, used 416K [0x00000000eab00000, 0x00000000eaf00000, 0x0000000100000000)
  eden space 2560K, 0% used [0x00000000eab00000,0x00000000eab00000,0x00000000ead80000)
  from space 1024K, 40% used [0x00000000ead80000,0x00000000eade8000,0x00000000eae80000)
  to   space 512K, 0% used [0x00000000eae80000,0x00000000eae80000,0x00000000eaf00000)
 ParOldGen       total 346112K, used 319263K [0x00000000c0000000, 0x00000000d5200000, 0x00000000eab00000)
  object space 346112K, 92% used [0x00000000c0000000,0x00000000d37c7c98,0x00000000d5200000)
 Metaspace       used 73880K, committed 75008K, reserved 1179648K
  class space    used 8310K, committed 8832K, reserved 1048576K
}
Event: 12.620 GC heap before
{Heap before GC invocations=222 (full 11):
 PSYoungGen      total 3584K, used 2976K [0x00000000eab00000, 0x00000000eaf00000, 0x0000000100000000)
  eden space 2560K, 100% used [0x00000000eab00000,0x00000000ead80000,0x00000000ead80000)
  from space 1024K, 40% used [0x00000000ead80000,0x00000000eade8000,0x00000000eae80000)
  to   space 512K, 0% used [0x00000000eae80000,0x00000000eae80000,0x00000000eaf00000)
 ParOldGen       total 346112K, used 319263K [0x00000000c0000000, 0x00000000d5200000, 0x00000000eab00000)
  object space 346112K, 92% used [0x00000000c0000000,0x00000000d37c7c98,0x00000000d5200000)
 Metaspace       used 73949K, committed 75200K, reserved 1179648K
  class space    used 8313K, committed 8832K, reserved 1048576K
}
Event: 12.622 GC heap after
{Heap after GC invocations=222 (full 11):
 PSYoungGen      total 3584K, used 256K [0x00000000eab00000, 0x00000000eaf00000, 0x0000000100000000)
  eden space 3072K, 0% used [0x00000000eab00000,0x00000000eab00000,0x00000000eae00000)
  from space 512K, 50% used [0x00000000eae80000,0x00000000eaec0000,0x00000000eaf00000)
  to   space 512K, 0% used [0x00000000eae00000,0x00000000eae00000,0x00000000eae80000)
 ParOldGen       total 346112K, used 319399K [0x00000000c0000000, 0x00000000d5200000, 0x00000000eab00000)
  object space 346112K, 92% used [0x00000000c0000000,0x00000000d37e9c98,0x00000000d5200000)
 Metaspace       used 73949K, committed 75200K, reserved 1179648K
  class space    used 8313K, committed 8832K, reserved 1048576K
}
Event: 12.762 GC heap before
{Heap before GC invocations=223 (full 11):
 PSYoungGen      total 3584K, used 3328K [0x00000000eab00000, 0x00000000eaf00000, 0x0000000100000000)
  eden space 3072K, 100% used [0x00000000eab00000,0x00000000eae00000,0x00000000eae00000)
  from space 512K, 50% used [0x00000000eae80000,0x00000000eaec0000,0x00000000eaf00000)
  to   space 512K, 0% used [0x00000000eae00000,0x00000000eae00000,0x00000000eae80000)
 ParOldGen       total 346112K, used 319399K [0x00000000c0000000, 0x00000000d5200000, 0x00000000eab00000)
  object space 346112K, 92% used [0x00000000c0000000,0x00000000d37e9c98,0x00000000d5200000)
 Metaspace       used 74028K, committed 75200K, reserved 1179648K
  class space    used 8327K, committed 8832K, reserved 1048576K
}
Event: 12.769 GC heap after
{Heap after GC invocations=223 (full 11):
 PSYoungGen      total 3584K, used 507K [0x00000000eab00000, 0x00000000eb080000, 0x0000000100000000)
  eden space 3072K, 0% used [0x00000000eab00000,0x00000000eab00000,0x00000000eae00000)
  from space 512K, 99% used [0x00000000eae00000,0x00000000eae7ef70,0x00000000eae80000)
  to   space 1024K, 0% used [0x00000000eaf80000,0x00000000eaf80000,0x00000000eb080000)
 ParOldGen       total 346112K, used 319675K [0x00000000c0000000, 0x00000000d5200000, 0x00000000eab00000)
  object space 346112K, 92% used [0x00000000c0000000,0x00000000d382ec68,0x00000000d5200000)
 Metaspace       used 74028K, committed 75200K, reserved 1179648K
  class space    used 8327K, committed 8832K, reserved 1048576K
}
Event: 12.894 GC heap before
{Heap before GC invocations=224 (full 11):
 PSYoungGen      total 3584K, used 3579K [0x00000000eab00000, 0x00000000eb080000, 0x0000000100000000)
  eden space 3072K, 100% used [0x00000000eab00000,0x00000000eae00000,0x00000000eae00000)
  from space 512K, 99% used [0x00000000eae00000,0x00000000eae7ef70,0x00000000eae80000)
  to   space 1024K, 0% used [0x00000000eaf80000,0x00000000eaf80000,0x00000000eb080000)
 ParOldGen       total 346112K, used 319675K [0x00000000c0000000, 0x00000000d5200000, 0x00000000eab00000)
  object space 346112K, 92% used [0x00000000c0000000,0x00000000d382ec68,0x00000000d5200000)
 Metaspace       used 74046K, committed 75200K, reserved 1179648K
  class space    used 8327K, committed 8832K, reserved 1048576K
}
Event: 12.899 GC heap after
{Heap after GC invocations=224 (full 11):
 PSYoungGen      total 2560K, used 999K [0x00000000eab00000, 0x00000000eb480000, 0x0000000100000000)
  eden space 1536K, 0% used [0x00000000eab00000,0x00000000eab00000,0x00000000eac80000)
  from space 1024K, 97% used [0x00000000eaf80000,0x00000000eb079fa0,0x00000000eb080000)
  to   space 3072K, 0% used [0x00000000eac80000,0x00000000eac80000,0x00000000eaf80000)
 ParOldGen       total 346112K, used 321061K [0x00000000c0000000, 0x00000000d5200000, 0x00000000eab00000)
  object space 346112K, 92% used [0x00000000c0000000,0x00000000d39895e8,0x00000000d5200000)
 Metaspace       used 74046K, committed 75200K, reserved 1179648K
  class space    used 8327K, committed 8832K, reserved 1048576K
}
Event: 12.942 GC heap before
{Heap before GC invocations=225 (full 11):
 PSYoungGen      total 2560K, used 2535K [0x00000000eab00000, 0x00000000eb480000, 0x0000000100000000)
  eden space 1536K, 100% used [0x00000000eab00000,0x00000000eac80000,0x00000000eac80000)
  from space 1024K, 97% used [0x00000000eaf80000,0x00000000eb079fa0,0x00000000eb080000)
  to   space 3072K, 0% used [0x00000000eac80000,0x00000000eac80000,0x00000000eaf80000)
 ParOldGen       total 346112K, used 321061K [0x00000000c0000000, 0x00000000d5200000, 0x00000000eab00000)
  object space 346112K, 92% used [0x00000000c0000000,0x00000000d39895e8,0x00000000d5200000)
 Metaspace       used 74061K, committed 75200K, reserved 1179648K
  class space    used 8327K, committed 8832K, reserved 1048576K
}
Event: 12.947 GC heap after
{Heap after GC invocations=225 (full 11):
 PSYoungGen      total 3072K, used 1243K [0x00000000eab00000, 0x00000000eb100000, 0x0000000100000000)
  eden space 1536K, 0% used [0x00000000eab00000,0x00000000eab00000,0x00000000eac80000)
  from space 1536K, 80% used [0x00000000eac80000,0x00000000eadb6d50,0x00000000eae00000)
  to   space 2048K, 0% used [0x00000000eaf00000,0x00000000eaf00000,0x00000000eb100000)
 ParOldGen       total 346112K, used 322117K [0x00000000c0000000, 0x00000000d5200000, 0x00000000eab00000)
  object space 346112K, 93% used [0x00000000c0000000,0x00000000d3a91550,0x00000000d5200000)
 Metaspace       used 74061K, committed 75200K, reserved 1179648K
  class space    used 8327K, committed 8832K, reserved 1048576K
}
Event: 13.003 GC heap before
{Heap before GC invocations=226 (full 11):
 PSYoungGen      total 3072K, used 2779K [0x00000000eab00000, 0x00000000eb100000, 0x0000000100000000)
  eden space 1536K, 100% used [0x00000000eab00000,0x00000000eac80000,0x00000000eac80000)
  from space 1536K, 80% used [0x00000000eac80000,0x00000000eadb6d50,0x00000000eae00000)
  to   space 2048K, 0% used [0x00000000eaf00000,0x00000000eaf00000,0x00000000eb100000)
 ParOldGen       total 346112K, used 322117K [0x00000000c0000000, 0x00000000d5200000, 0x00000000eab00000)
  object space 346112K, 93% used [0x00000000c0000000,0x00000000d3a91550,0x00000000d5200000)
 Metaspace       used 74093K, committed 75264K, reserved 1179648K
  class space    used 8327K, committed 8832K, reserved 1048576K
}
Event: 13.008 GC heap after
{Heap after GC invocations=226 (full 11):
 PSYoungGen      total 3584K, used 1947K [0x00000000eab00000, 0x00000000eb200000, 0x0000000100000000)
  eden space 1536K, 0% used [0x00000000eab00000,0x00000000eab00000,0x00000000eac80000)
  from space 2048K, 95% used [0x00000000eaf00000,0x00000000eb0e6d50,0x00000000eb100000)
  to   space 2560K, 0% used [0x00000000eac80000,0x00000000eac80000,0x00000000eaf00000)
 ParOldGen       total 346112K, used 322125K [0x00000000c0000000, 0x00000000d5200000, 0x00000000eab00000)
  object space 346112K, 93% used [0x00000000c0000000,0x00000000d3a93550,0x00000000d5200000)
 Metaspace       used 74093K, committed 75264K, reserved 1179648K
  class space    used 8327K, committed 8832K, reserved 1048576K
}
Event: 13.022 GC heap before
{Heap before GC invocations=227 (full 11):
 PSYoungGen      total 3584K, used 3225K [0x00000000eab00000, 0x00000000eb200000, 0x0000000100000000)
  eden space 1536K, 83% used [0x00000000eab00000,0x00000000eac3f9e0,0x00000000eac80000)
  from space 2048K, 95% used [0x00000000eaf00000,0x00000000eb0e6d50,0x00000000eb100000)
  to   space 2560K, 0% used [0x00000000eac80000,0x00000000eac80000,0x00000000eaf00000)
 ParOldGen       total 346112K, used 322125K [0x00000000c0000000, 0x00000000d5200000, 0x00000000eab00000)
  object space 346112K, 93% used [0x00000000c0000000,0x00000000d3a93550,0x00000000d5200000)
 Metaspace       used 74093K, committed 75264K, reserved 1179648K
  class space    used 8327K, committed 8832K, reserved 1048576K
}
Event: 13.025 GC heap after
{Heap after GC invocations=227 (full 11):
 PSYoungGen      total 4096K, used 2555K [0x00000000eab00000, 0x00000000eb400000, 0x0000000100000000)
  eden space 1536K, 0% used [0x00000000eab00000,0x00000000eab00000,0x00000000eac80000)
  from space 2560K, 99% used [0x00000000eac80000,0x00000000eaefed50,0x00000000eaf00000)
  to   space 3584K, 0% used [0x00000000eb080000,0x00000000eb080000,0x00000000eb400000)
 ParOldGen       total 346112K, used 322461K [0x00000000c0000000, 0x00000000d5200000, 0x00000000eab00000)
  object space 346112K, 93% used [0x00000000c0000000,0x00000000d3ae7550,0x00000000d5200000)
 Metaspace       used 74093K, committed 75264K, reserved 1179648K
  class space    used 8327K, committed 8832K, reserved 1048576K
}
Event: 13.055 GC heap before
{Heap before GC invocations=228 (full 11):
 PSYoungGen      total 4096K, used 3916K [0x00000000eab00000, 0x00000000eb400000, 0x0000000100000000)
  eden space 1536K, 88% used [0x00000000eab00000,0x00000000eac54638,0x00000000eac80000)
  from space 2560K, 99% used [0x00000000eac80000,0x00000000eaefed50,0x00000000eaf00000)
  to   space 3584K, 0% used [0x00000000eb080000,0x00000000eb080000,0x00000000eb400000)
 ParOldGen       total 346112K, used 322461K [0x00000000c0000000, 0x00000000d5200000, 0x00000000eab00000)
  object space 346112K, 93% used [0x00000000c0000000,0x00000000d3ae7550,0x00000000d5200000)
 Metaspace       used 74098K, committed 75264K, reserved 1179648K
  class space    used 8327K, committed 8832K, reserved 1048576K
}
Event: 13.061 GC heap after
{Heap after GC invocations=228 (full 11):
 PSYoungGen      total 4608K, used 2304K [0x00000000eab00000, 0x00000000eb300000, 0x0000000100000000)
  eden space 2048K, 0% used [0x00000000eab00000,0x00000000eab00000,0x00000000ead00000)
  from space 2560K, 90% used [0x00000000eb080000,0x00000000eb2c0000,0x00000000eb300000)
  to   space 2560K, 0% used [0x00000000eae00000,0x00000000eae00000,0x00000000eb080000)
 ParOldGen       total 346112K, used 324056K [0x00000000c0000000, 0x00000000d5200000, 0x00000000eab00000)
  object space 346112K, 93% used [0x00000000c0000000,0x00000000d3c76290,0x00000000d5200000)
 Metaspace       used 74098K, committed 75264K, reserved 1179648K
  class space    used 8327K, committed 8832K, reserved 1048576K
}
Event: 13.127 GC heap before
{Heap before GC invocations=229 (full 11):
 PSYoungGen      total 4608K, used 4352K [0x00000000eab00000, 0x00000000eb300000, 0x0000000100000000)
  eden space 2048K, 100% used [0x00000000eab00000,0x00000000ead00000,0x00000000ead00000)
  from space 2560K, 90% used [0x00000000eb080000,0x00000000eb2c0000,0x00000000eb300000)
  to   space 2560K, 0% used [0x00000000eae00000,0x00000000eae00000,0x00000000eb080000)
 ParOldGen       total 346112K, used 324056K [0x00000000c0000000, 0x00000000d5200000, 0x00000000eab00000)
  object space 346112K, 93% used [0x00000000c0000000,0x00000000d3c76290,0x00000000d5200000)
 Metaspace       used 74110K, committed 75264K, reserved 1179648K
  class space    used 8327K, committed 8832K, reserved 1048576K
}
Event: 13.132 GC heap after
{Heap after GC invocations=229 (full 11):
 PSYoungGen      total 5120K, used 2555K [0x00000000eab00000, 0x00000000eb580000, 0x0000000100000000)
  eden space 2560K, 0% used [0x00000000eab00000,0x00000000eab00000,0x00000000ead80000)
  from space 2560K, 99% used [0x00000000eae00000,0x00000000eb07ed50,0x00000000eb080000)
  to   space 4096K, 0% used [0x00000000eb180000,0x00000000eb180000,0x00000000eb580000)
 ParOldGen       total 346112K, used 325051K [0x00000000c0000000, 0x00000000d5200000, 0x00000000eab00000)
  object space 346112K, 93% used [0x00000000c0000000,0x00000000d3d6ecc0,0x00000000d5200000)
 Metaspace       used 74110K, committed 75264K, reserved 1179648K
  class space    used 8327K, committed 8832K, reserved 1048576K
}
Event: 13.194 GC heap before
{Heap before GC invocations=230 (full 11):
 PSYoungGen      total 5120K, used 5115K [0x00000000eab00000, 0x00000000eb580000, 0x0000000100000000)
  eden space 2560K, 100% used [0x00000000eab00000,0x00000000ead80000,0x00000000ead80000)
  from space 2560K, 99% used [0x00000000eae00000,0x00000000eb07ed50,0x00000000eb080000)
  to   space 4096K, 0% used [0x00000000eb180000,0x00000000eb180000,0x00000000eb580000)
 ParOldGen       total 346112K, used 325051K [0x00000000c0000000, 0x00000000d5200000, 0x00000000eab00000)
  object space 346112K, 93% used [0x00000000c0000000,0x00000000d3d6ecc0,0x00000000d5200000)
 Metaspace       used 74159K, committed 75328K, reserved 1179648K
  class space    used 8334K, committed 8832K, reserved 1048576K
}
Event: 13.198 GC heap after
{Heap after GC invocations=230 (full 11):
 PSYoungGen      total 6656K, used 2879K [0x00000000eab00000, 0x00000000eb500000, 0x0000000100000000)
  eden space 3072K, 0% used [0x00000000eab00000,0x00000000eab00000,0x00000000eae00000)
  from space 3584K, 80% used [0x00000000eb180000,0x00000000eb44fc38,0x00000000eb500000)
  to   space 3584K, 0% used [0x00000000eae00000,0x00000000eae00000,0x00000000eb180000)
 ParOldGen       total 346112K, used 326948K [0x00000000c0000000, 0x00000000d5200000, 0x00000000eab00000)
  object space 346112K, 94% used [0x00000000c0000000,0x00000000d3f491e0,0x00000000d5200000)
 Metaspace       used 74159K, committed 75328K, reserved 1179648K
  class space    used 8334K, committed 8832K, reserved 1048576K
}
Event: 13.225 GC heap before
{Heap before GC invocations=231 (full 11):
 PSYoungGen      total 6656K, used 5934K [0x00000000eab00000, 0x00000000eb500000, 0x0000000100000000)
  eden space 3072K, 99% used [0x00000000eab00000,0x00000000eadfbe50,0x00000000eae00000)
  from space 3584K, 80% used [0x00000000eb180000,0x00000000eb44fc38,0x00000000eb500000)
  to   space 3584K, 0% used [0x00000000eae00000,0x00000000eae00000,0x00000000eb180000)
 ParOldGen       total 346112K, used 326948K [0x00000000c0000000, 0x00000000d5200000, 0x00000000eab00000)
  object space 346112K, 94% used [0x00000000c0000000,0x00000000d3f491e0,0x00000000d5200000)
 Metaspace       used 74276K, committed 75456K, reserved 1179648K
  class space    used 8356K, committed 8832K, reserved 1048576K
}

