# JRE version: OpenJDK Runtime Environment Temurin-17.0.13+11 (17.0.13+11) (build 17.0.13+11)
# Java VM: OpenJDK 64-Bit Server VM Temurin-17.0.13+11 (17.0.13+11, mixed mode, tiered, compressed oops, compressed class ptrs, parallel gc, windows-amd64)
GC Precious Log:
 CPUs: 16 total, 16 available
 Memory: 15613M
 Large Page Support: Disabled
 NUMA Support: Disabled
 Compressed Oops: Enabled (32-bit)
 Alignments: Space 512K, Generation 512K, Heap 2M
 Heap Min Capacity: 100M
 Heap Initial Capacity: 100M
 Heap Max Capacity: 1G
 Pre-touch: Disabled
 Parallel Workers: 13
Heap:
 PSYoungGen      total 23552K, used 23170K [0x00000000eab00000, 0x00000000ecb00000, 0x0000000100000000)
  eden space 17408K, 97% used [0x00000000eab00000,0x00000000ebba3af0,0x00000000ebc00000)
  from space 6144K, 99% used [0x00000000ebc00000,0x00000000ec1fcf48,0x00000000ec200000)
  to   space 7168K, 0% used [0x00000000ec400000,0x00000000ec400000,0x00000000ecb00000)
 ParOldGen       total 350720K, used 327670K [0x00000000c0000000, 0x00000000d5680000, 0x00000000eab00000)
  object space 350720K, 93% used [0x00000000c0000000,0x00000000d3ffda80,0x00000000d5680000)
 Metaspace       used 73727K, committed 74816K, reserved 1179648K
  class space    used 8337K, committed 8832K, reserved 1048576K
GC Heap History (20 events):
Event: 19.415 GC heap before
{Heap before GC invocations=158 (full 9):
 PSYoungGen      total 22528K, used 22525K [0x00000000eab00000, 0x00000000ec800000, 0x0000000100000000)
  eden space 17408K, 100% used [0x00000000eab00000,0x00000000ebc00000,0x00000000ebc00000)
  from space 5120K, 99% used [0x00000000ebc00000,0x00000000ec0ff6c8,0x00000000ec100000)
  to   space 5632K, 0% used [0x00000000ec280000,0x00000000ec280000,0x00000000ec800000)
 ParOldGen       total 350720K, used 322363K [0x00000000c0000000, 0x00000000d5680000, 0x00000000eab00000)
  object space 350720K, 91% used [0x00000000c0000000,0x00000000d3acec98,0x00000000d5680000)
 Metaspace       used 73122K, committed 74304K, reserved 1179648K
  class space    used 8239K, committed 8768K, reserved 1048576K
}
Event: 19.418 GC heap after
{Heap after GC invocations=158 (full 9):
 PSYoungGen      total 21504K, used 2866K [0x00000000eab00000, 0x00000000ec580000, 0x0000000100000000)
  eden space 18432K, 0% used [0x00000000eab00000,0x00000000eab00000,0x00000000ebd00000)
  from space 3072K, 93% used [0x00000000ec280000,0x00000000ec54cb78,0x00000000ec580000)
  to   space 4096K, 0% used [0x00000000ebd80000,0x00000000ebd80000,0x00000000ec180000)
 ParOldGen       total 350720K, used 322363K [0x00000000c0000000, 0x00000000d5680000, 0x00000000eab00000)
  object space 350720K, 91% used [0x00000000c0000000,0x00000000d3acec98,0x00000000d5680000)
 Metaspace       used 73122K, committed 74304K, reserved 1179648K
  class space    used 8239K, committed 8768K, reserved 1048576K
}
Event: 19.504 GC heap before
{Heap before GC invocations=159 (full 9):
 PSYoungGen      total 21504K, used 21298K [0x00000000eab00000, 0x00000000ec580000, 0x0000000100000000)
  eden space 18432K, 100% used [0x00000000eab00000,0x00000000ebd00000,0x00000000ebd00000)
  from space 3072K, 93% used [0x00000000ec280000,0x00000000ec54cb78,0x00000000ec580000)
  to   space 4096K, 0% used [0x00000000ebd80000,0x00000000ebd80000,0x00000000ec180000)
 ParOldGen       total 350720K, used 322363K [0x00000000c0000000, 0x00000000d5680000, 0x00000000eab00000)
  object space 350720K, 91% used [0x00000000c0000000,0x00000000d3acec98,0x00000000d5680000)
 Metaspace       used 73276K, committed 74432K, reserved 1179648K
  class space    used 8264K, committed 8768K, reserved 1048576K
}
Event: 19.509 GC heap after
{Heap after GC invocations=159 (full 9):
 PSYoungGen      total 23040K, used 4079K [0x00000000eab00000, 0x00000000ec800000, 0x0000000100000000)
  eden space 18944K, 0% used [0x00000000eab00000,0x00000000eab00000,0x00000000ebd80000)
  from space 4096K, 99% used [0x00000000ebd80000,0x00000000ec17beb0,0x00000000ec180000)
  to   space 5120K, 0% used [0x00000000ec300000,0x00000000ec300000,0x00000000ec800000)
 ParOldGen       total 350720K, used 322947K [0x00000000c0000000, 0x00000000d5680000, 0x00000000eab00000)
  object space 350720K, 92% used [0x00000000c0000000,0x00000000d3b60c98,0x00000000d5680000)
 Metaspace       used 73276K, committed 74432K, reserved 1179648K
  class space    used 8264K, committed 8768K, reserved 1048576K
}
Event: 19.616 GC heap before
{Heap before GC invocations=160 (full 9):
 PSYoungGen      total 23040K, used 23023K [0x00000000eab00000, 0x00000000ec800000, 0x0000000100000000)
  eden space 18944K, 100% used [0x00000000eab00000,0x00000000ebd80000,0x00000000ebd80000)
  from space 4096K, 99% used [0x00000000ebd80000,0x00000000ec17beb0,0x00000000ec180000)
  to   space 5120K, 0% used [0x00000000ec300000,0x00000000ec300000,0x00000000ec800000)
 ParOldGen       total 350720K, used 322947K [0x00000000c0000000, 0x00000000d5680000, 0x00000000eab00000)
  object space 350720K, 92% used [0x00000000c0000000,0x00000000d3b60c98,0x00000000d5680000)
 Metaspace       used 73640K, committed 74752K, reserved 1179648K
  class space    used 8316K, committed 8768K, reserved 1048576K
}
Event: 19.620 GC heap after
{Heap after GC invocations=160 (full 9):
 PSYoungGen      total 23552K, used 3029K [0x00000000eab00000, 0x00000000ec680000, 0x0000000100000000)
  eden space 19968K, 0% used [0x00000000eab00000,0x00000000eab00000,0x00000000ebe80000)
  from space 3584K, 84% used [0x00000000ec300000,0x00000000ec5f5508,0x00000000ec680000)
  to   space 4096K, 0% used [0x00000000ebe80000,0x00000000ebe80000,0x00000000ec280000)
 ParOldGen       total 350720K, used 323322K [0x00000000c0000000, 0x00000000d5680000, 0x00000000eab00000)
  object space 350720K, 92% used [0x00000000c0000000,0x00000000d3bbea50,0x00000000d5680000)
 Metaspace       used 73640K, committed 74752K, reserved 1179648K
  class space    used 8316K, committed 8768K, reserved 1048576K
}
Event: 19.724 GC heap before
{Heap before GC invocations=161 (full 9):
 PSYoungGen      total 23552K, used 22997K [0x00000000eab00000, 0x00000000ec680000, 0x0000000100000000)
  eden space 19968K, 100% used [0x00000000eab00000,0x00000000ebe80000,0x00000000ebe80000)
  from space 3584K, 84% used [0x00000000ec300000,0x00000000ec5f5508,0x00000000ec680000)
  to   space 4096K, 0% used [0x00000000ebe80000,0x00000000ebe80000,0x00000000ec280000)
 ParOldGen       total 350720K, used 323322K [0x00000000c0000000, 0x00000000d5680000, 0x00000000eab00000)
  object space 350720K, 92% used [0x00000000c0000000,0x00000000d3bbea50,0x00000000d5680000)
 Metaspace       used 73662K, committed 74752K, reserved 1179648K
  class space    used 8320K, committed 8768K, reserved 1048576K
}
Event: 19.729 GC heap after
{Heap after GC invocations=161 (full 9):
 PSYoungGen      total 24064K, used 4075K [0x00000000eab00000, 0x00000000ecb80000, 0x0000000100000000)
  eden space 19968K, 0% used [0x00000000eab00000,0x00000000eab00000,0x00000000ebe80000)
  from space 4096K, 99% used [0x00000000ebe80000,0x00000000ec27ad08,0x00000000ec280000)
  to   space 6144K, 0% used [0x00000000ec580000,0x00000000ec580000,0x00000000ecb80000)
 ParOldGen       total 350720K, used 324562K [0x00000000c0000000, 0x00000000d5680000, 0x00000000eab00000)
  object space 350720K, 92% used [0x00000000c0000000,0x00000000d3cf4a50,0x00000000d5680000)
 Metaspace       used 73662K, committed 74752K, reserved 1179648K
  class space    used 8320K, committed 8768K, reserved 1048576K
}
Event: 19.821 GC heap before
{Heap before GC invocations=162 (full 9):
 PSYoungGen      total 24064K, used 24043K [0x00000000eab00000, 0x00000000ecb80000, 0x0000000100000000)
  eden space 19968K, 100% used [0x00000000eab00000,0x00000000ebe80000,0x00000000ebe80000)
  from space 4096K, 99% used [0x00000000ebe80000,0x00000000ec27ad08,0x00000000ec280000)
  to   space 6144K, 0% used [0x00000000ec580000,0x00000000ec580000,0x00000000ecb80000)
 ParOldGen       total 350720K, used 324562K [0x00000000c0000000, 0x00000000d5680000, 0x00000000eab00000)
  object space 350720K, 92% used [0x00000000c0000000,0x00000000d3cf4a50,0x00000000d5680000)
 Metaspace       used 73662K, committed 74752K, reserved 1179648K
  class space    used 8320K, committed 8768K, reserved 1048576K
}
Event: 19.828 GC heap after
{Heap after GC invocations=162 (full 9):
 PSYoungGen      total 26624K, used 6123K [0x00000000eab00000, 0x00000000ecc80000, 0x0000000100000000)
  eden space 20480K, 0% used [0x00000000eab00000,0x00000000eab00000,0x00000000ebf00000)
  from space 6144K, 99% used [0x00000000ec580000,0x00000000ecb7ad08,0x00000000ecb80000)
  to   space 6656K, 0% used [0x00000000ebf00000,0x00000000ebf00000,0x00000000ec580000)
 ParOldGen       total 350720K, used 324770K [0x00000000c0000000, 0x00000000d5680000, 0x00000000eab00000)
  object space 350720K, 92% used [0x00000000c0000000,0x00000000d3d28a50,0x00000000d5680000)
 Metaspace       used 73662K, committed 74752K, reserved 1179648K
  class space    used 8320K, committed 8768K, reserved 1048576K
}
Event: 20.392 GC heap before
{Heap before GC invocations=163 (full 9):
 PSYoungGen      total 26624K, used 26603K [0x00000000eab00000, 0x00000000ecc80000, 0x0000000100000000)
  eden space 20480K, 100% used [0x00000000eab00000,0x00000000ebf00000,0x00000000ebf00000)
  from space 6144K, 99% used [0x00000000ec580000,0x00000000ecb7ad08,0x00000000ecb80000)
  to   space 6656K, 0% used [0x00000000ebf00000,0x00000000ebf00000,0x00000000ec580000)
 ParOldGen       total 350720K, used 324770K [0x00000000c0000000, 0x00000000d5680000, 0x00000000eab00000)
  object space 350720K, 92% used [0x00000000c0000000,0x00000000d3d28a50,0x00000000d5680000)
 Metaspace       used 73664K, committed 74752K, reserved 1179648K
  class space    used 8320K, committed 8768K, reserved 1048576K
}
Event: 20.394 GC heap after
{Heap after GC invocations=163 (full 9):
 PSYoungGen      total 24064K, used 3281K [0x00000000eab00000, 0x00000000ec800000, 0x0000000100000000)
  eden space 20480K, 0% used [0x00000000eab00000,0x00000000eab00000,0x00000000ebf00000)
  from space 3584K, 91% used [0x00000000ebf00000,0x00000000ec2346d0,0x00000000ec280000)
  to   space 4608K, 0% used [0x00000000ec380000,0x00000000ec380000,0x00000000ec800000)
 ParOldGen       total 350720K, used 324962K [0x00000000c0000000, 0x00000000d5680000, 0x00000000eab00000)
  object space 350720K, 92% used [0x00000000c0000000,0x00000000d3d58a50,0x00000000d5680000)
 Metaspace       used 73664K, committed 74752K, reserved 1179648K
  class space    used 8320K, committed 8768K, reserved 1048576K
}
Event: 20.491 GC heap before
{Heap before GC invocations=164 (full 9):
 PSYoungGen      total 24064K, used 23761K [0x00000000eab00000, 0x00000000ec800000, 0x0000000100000000)
  eden space 20480K, 100% used [0x00000000eab00000,0x00000000ebf00000,0x00000000ebf00000)
  from space 3584K, 91% used [0x00000000ebf00000,0x00000000ec2346d0,0x00000000ec280000)
  to   space 4608K, 0% used [0x00000000ec380000,0x00000000ec380000,0x00000000ec800000)
 ParOldGen       total 350720K, used 324962K [0x00000000c0000000, 0x00000000d5680000, 0x00000000eab00000)
  object space 350720K, 92% used [0x00000000c0000000,0x00000000d3d58a50,0x00000000d5680000)
 Metaspace       used 73664K, committed 74752K, reserved 1179648K
  class space    used 8320K, committed 8768K, reserved 1048576K
}
Event: 20.498 GC heap after
{Heap after GC invocations=164 (full 9):
 PSYoungGen      total 23552K, used 4588K [0x00000000eab00000, 0x00000000ecc00000, 0x0000000100000000)
  eden space 18944K, 0% used [0x00000000eab00000,0x00000000eab00000,0x00000000ebd80000)
  from space 4608K, 99% used [0x00000000ec380000,0x00000000ec7fb140,0x00000000ec800000)
  to   space 6144K, 0% used [0x00000000ebd80000,0x00000000ebd80000,0x00000000ec380000)
 ParOldGen       total 350720K, used 326010K [0x00000000c0000000, 0x00000000d5680000, 0x00000000eab00000)
  object space 350720K, 92% used [0x00000000c0000000,0x00000000d3e5ea50,0x00000000d5680000)
 Metaspace       used 73664K, committed 74752K, reserved 1179648K
  class space    used 8320K, committed 8768K, reserved 1048576K
}
Event: 20.878 GC heap before
{Heap before GC invocations=165 (full 9):
 PSYoungGen      total 23552K, used 23532K [0x00000000eab00000, 0x00000000ecc00000, 0x0000000100000000)
  eden space 18944K, 100% used [0x00000000eab00000,0x00000000ebd80000,0x00000000ebd80000)
  from space 4608K, 99% used [0x00000000ec380000,0x00000000ec7fb140,0x00000000ec800000)
  to   space 6144K, 0% used [0x00000000ebd80000,0x00000000ebd80000,0x00000000ec380000)
 ParOldGen       total 350720K, used 326010K [0x00000000c0000000, 0x00000000d5680000, 0x00000000eab00000)
  object space 350720K, 92% used [0x00000000c0000000,0x00000000d3e5ea50,0x00000000d5680000)
 Metaspace       used 73726K, committed 74816K, reserved 1179648K
  class space    used 8337K, committed 8832K, reserved 1048576K
}
Event: 20.880 GC heap after
{Heap after GC invocations=165 (full 9):
 PSYoungGen      total 23040K, used 3584K [0x00000000eab00000, 0x00000000ec680000, 0x0000000100000000)
  eden space 18944K, 0% used [0x00000000eab00000,0x00000000eab00000,0x00000000ebd80000)
  from space 4096K, 87% used [0x00000000ebd80000,0x00000000ec1000a0,0x00000000ec180000)
  to   space 4608K, 0% used [0x00000000ec200000,0x00000000ec200000,0x00000000ec680000)
 ParOldGen       total 350720K, used 326114K [0x00000000c0000000, 0x00000000d5680000, 0x00000000eab00000)
  object space 350720K, 92% used [0x00000000c0000000,0x00000000d3e78a50,0x00000000d5680000)
 Metaspace       used 73726K, committed 74816K, reserved 1179648K
  class space    used 8337K, committed 8832K, reserved 1048576K
}
Event: 21.009 GC heap before
{Heap before GC invocations=166 (full 9):
 PSYoungGen      total 23040K, used 22528K [0x00000000eab00000, 0x00000000ec680000, 0x0000000100000000)
  eden space 18944K, 100% used [0x00000000eab00000,0x00000000ebd80000,0x00000000ebd80000)
  from space 4096K, 87% used [0x00000000ebd80000,0x00000000ec1000a0,0x00000000ec180000)
  to   space 4608K, 0% used [0x00000000ec200000,0x00000000ec200000,0x00000000ec680000)
 ParOldGen       total 350720K, used 326114K [0x00000000c0000000, 0x00000000d5680000, 0x00000000eab00000)
  object space 350720K, 92% used [0x00000000c0000000,0x00000000d3e78a50,0x00000000d5680000)
 Metaspace       used 73727K, committed 74816K, reserved 1179648K
  class space    used 8337K, committed 8832K, reserved 1048576K
}
Event: 21.011 GC heap after
{Heap after GC invocations=166 (full 9):
 PSYoungGen      total 22016K, used 4598K [0x00000000eab00000, 0x00000000ec980000, 0x0000000100000000)
  eden space 17408K, 0% used [0x00000000eab00000,0x00000000eab00000,0x00000000ebc00000)
  from space 4608K, 99% used [0x00000000ec200000,0x00000000ec67d8a0,0x00000000ec680000)
  to   space 6144K, 0% used [0x00000000ebc00000,0x00000000ebc00000,0x00000000ec200000)
 ParOldGen       total 350720K, used 327050K [0x00000000c0000000, 0x00000000d5680000, 0x00000000eab00000)
  object space 350720K, 93% used [0x00000000c0000000,0x00000000d3f62a50,0x00000000d5680000)
 Metaspace       used 73727K, committed 74816K, reserved 1179648K
  class space    used 8337K, committed 8832K, reserved 1048576K
}
Event: 21.104 GC heap before
{Heap before GC invocations=167 (full 9):
 PSYoungGen      total 22016K, used 22006K [0x00000000eab00000, 0x00000000ec980000, 0x0000000100000000)
  eden space 17408K, 100% used [0x00000000eab00000,0x00000000ebc00000,0x00000000ebc00000)
  from space 4608K, 99% used [0x00000000ec200000,0x00000000ec67d8a0,0x00000000ec680000)
  to   space 6144K, 0% used [0x00000000ebc00000,0x00000000ebc00000,0x00000000ec200000)
 ParOldGen       total 350720K, used 327050K [0x00000000c0000000, 0x00000000d5680000, 0x00000000eab00000)
  object space 350720K, 93% used [0x00000000c0000000,0x00000000d3f62a50,0x00000000d5680000)
 Metaspace       used 73727K, committed 74816K, reserved 1179648K
  class space    used 8337K, committed 8832K, reserved 1048576K
}
Event: 21.110 GC heap after
{Heap after GC invocations=167 (full 9):
 PSYoungGen      total 23552K, used 6131K [0x00000000eab00000, 0x00000000ecb00000, 0x0000000100000000)
  eden space 17408K, 0% used [0x00000000eab00000,0x00000000eab00000,0x00000000ebc00000)
  from space 6144K, 99% used [0x00000000ebc00000,0x00000000ec1fcf48,0x00000000ec200000)
  to   space 7168K, 0% used [0x00000000ec400000,0x00000000ec400000,0x00000000ecb00000)
 ParOldGen       total 350720K, used 327670K [0x00000000c0000000, 0x00000000d5680000, 0x00000000eab00000)
  object space 350720K, 93% used [0x00000000c0000000,0x00000000d3ffda80,0x00000000d5680000)
 Metaspace       used 73727K, committed 74816K, reserved 1179648K
  class space    used 8337K, committed 8832K, reserved 1048576K
}

