# JRE version: OpenJDK Runtime Environment Temurin-17.0.13+11 (17.0.13+11) (build 17.0.13+11)
# Java VM: OpenJDK 64-Bit Server VM Temurin-17.0.13+11 (17.0.13+11, mixed mode, tiered, compressed oops, compressed class ptrs, parallel gc, windows-amd64)
GC Precious Log:
 CPUs: 16 total, 16 available
 Memory: 15613M
 Large Page Support: Disabled
 NUMA Support: Disabled
 Compressed Oops: Enabled (32-bit)
 Alignments: Space 512K, Generation 512K, Heap 2M
 Heap Min Capacity: 100M
 Heap Initial Capacity: 100M
 Heap Max Capacity: 1G
 Pre-touch: Disabled
 Parallel Workers: 13
Heap:
 PSYoungGen      total 17920K, used 17906K [0x00000000eab00000, 0x00000000ebf80000, 0x0000000100000000)
  eden space 14848K, 100% used [0x00000000eab00000,0x00000000eb980000,0x00000000eb980000)
  from space 3072K, 99% used [0x00000000ebc80000,0x00000000ebf7c9c8,0x00000000ebf80000)
  to   space 3072K, 0% used [0x00000000eb980000,0x00000000eb980000,0x00000000ebc80000)
 ParOldGen       total 68608K, used 68198K [0x00000000c0000000, 0x00000000c4300000, 0x00000000eab00000)
  object space 68608K, 99% used [0x00000000c0000000,0x00000000c42999b8,0x00000000c4300000)
 Metaspace       used 57244K, committed 58240K, reserved 1114112K
  class space    used 6067K, committed 6528K, reserved 1048576K
GC Heap History (20 events):
Event: 4.309 GC heap before
{Heap before GC invocations=28 (full 2):
 PSYoungGen      total 21504K, used 21436K [0x00000000eab00000, 0x00000000ec580000, 0x0000000100000000)
  eden space 17920K, 100% used [0x00000000eab00000,0x00000000ebc80000,0x00000000ebc80000)
  from space 3584K, 98% used [0x00000000ebc80000,0x00000000ebfef120,0x00000000ec000000)
  to   space 4608K, 0% used [0x00000000ec100000,0x00000000ec100000,0x00000000ec580000)
 ParOldGen       total 68608K, used 44712K [0x00000000c0000000, 0x00000000c4300000, 0x00000000eab00000)
  object space 68608K, 65% used [0x00000000c0000000,0x00000000c2baa338,0x00000000c4300000)
 Metaspace       used 52822K, committed 53888K, reserved 1114112K
  class space    used 5473K, committed 5952K, reserved 1048576K
}
Event: 4.312 GC heap after
{Heap after GC invocations=28 (full 2):
 PSYoungGen      total 21504K, used 3372K [0x00000000eab00000, 0x00000000ec480000, 0x0000000100000000)
  eden space 17920K, 0% used [0x00000000eab00000,0x00000000eab00000,0x00000000ebc80000)
  from space 3584K, 94% used [0x00000000ec100000,0x00000000ec44b348,0x00000000ec480000)
  to   space 3584K, 0% used [0x00000000ebc80000,0x00000000ebc80000,0x00000000ec000000)
 ParOldGen       total 68608K, used 47974K [0x00000000c0000000, 0x00000000c4300000, 0x00000000eab00000)
  object space 68608K, 69% used [0x00000000c0000000,0x00000000c2ed9858,0x00000000c4300000)
 Metaspace       used 52822K, committed 53888K, reserved 1114112K
  class space    used 5473K, committed 5952K, reserved 1048576K
}
Event: 4.375 GC heap before
{Heap before GC invocations=29 (full 2):
 PSYoungGen      total 21504K, used 21292K [0x00000000eab00000, 0x00000000ec480000, 0x0000000100000000)
  eden space 17920K, 100% used [0x00000000eab00000,0x00000000ebc80000,0x00000000ebc80000)
  from space 3584K, 94% used [0x00000000ec100000,0x00000000ec44b348,0x00000000ec480000)
  to   space 3584K, 0% used [0x00000000ebc80000,0x00000000ebc80000,0x00000000ec000000)
 ParOldGen       total 68608K, used 47974K [0x00000000c0000000, 0x00000000c4300000, 0x00000000eab00000)
  object space 68608K, 69% used [0x00000000c0000000,0x00000000c2ed9858,0x00000000c4300000)
 Metaspace       used 53455K, committed 54464K, reserved 1114112K
  class space    used 5559K, committed 6016K, reserved 1048576K
}
Event: 4.378 GC heap after
{Heap after GC invocations=29 (full 2):
 PSYoungGen      total 21504K, used 3436K [0x00000000eab00000, 0x00000000ec380000, 0x0000000100000000)
  eden space 17920K, 0% used [0x00000000eab00000,0x00000000eab00000,0x00000000ebc80000)
  from space 3584K, 95% used [0x00000000ebc80000,0x00000000ebfdb300,0x00000000ec000000)
  to   space 3584K, 0% used [0x00000000ec000000,0x00000000ec000000,0x00000000ec380000)
 ParOldGen       total 68608K, used 51038K [0x00000000c0000000, 0x00000000c4300000, 0x00000000eab00000)
  object space 68608K, 74% used [0x00000000c0000000,0x00000000c31d7b58,0x00000000c4300000)
 Metaspace       used 53455K, committed 54464K, reserved 1114112K
  class space    used 5559K, committed 6016K, reserved 1048576K
}
Event: 4.472 GC heap before
{Heap before GC invocations=30 (full 2):
 PSYoungGen      total 21504K, used 21356K [0x00000000eab00000, 0x00000000ec380000, 0x0000000100000000)
  eden space 17920K, 100% used [0x00000000eab00000,0x00000000ebc80000,0x00000000ebc80000)
  from space 3584K, 95% used [0x00000000ebc80000,0x00000000ebfdb300,0x00000000ec000000)
  to   space 3584K, 0% used [0x00000000ec000000,0x00000000ec000000,0x00000000ec380000)
 ParOldGen       total 68608K, used 51038K [0x00000000c0000000, 0x00000000c4300000, 0x00000000eab00000)
  object space 68608K, 74% used [0x00000000c0000000,0x00000000c31d7b58,0x00000000c4300000)
 Metaspace       used 53943K, committed 54912K, reserved 1114112K
  class space    used 5622K, committed 6080K, reserved 1048576K
}
Event: 4.477 GC heap after
{Heap after GC invocations=30 (full 2):
 PSYoungGen      total 21504K, used 3210K [0x00000000eab00000, 0x00000000ec380000, 0x0000000100000000)
  eden space 17920K, 0% used [0x00000000eab00000,0x00000000eab00000,0x00000000ebc80000)
  from space 3584K, 89% used [0x00000000ec000000,0x00000000ec322b00,0x00000000ec380000)
  to   space 3584K, 0% used [0x00000000ebc80000,0x00000000ebc80000,0x00000000ec000000)
 ParOldGen       total 68608K, used 54094K [0x00000000c0000000, 0x00000000c4300000, 0x00000000eab00000)
  object space 68608K, 78% used [0x00000000c0000000,0x00000000c34d3838,0x00000000c4300000)
 Metaspace       used 53943K, committed 54912K, reserved 1114112K
  class space    used 5622K, committed 6080K, reserved 1048576K
}
Event: 4.590 GC heap before
{Heap before GC invocations=31 (full 2):
 PSYoungGen      total 21504K, used 21130K [0x00000000eab00000, 0x00000000ec380000, 0x0000000100000000)
  eden space 17920K, 100% used [0x00000000eab00000,0x00000000ebc80000,0x00000000ebc80000)
  from space 3584K, 89% used [0x00000000ec000000,0x00000000ec322b00,0x00000000ec380000)
  to   space 3584K, 0% used [0x00000000ebc80000,0x00000000ebc80000,0x00000000ec000000)
 ParOldGen       total 68608K, used 54094K [0x00000000c0000000, 0x00000000c4300000, 0x00000000eab00000)
  object space 68608K, 78% used [0x00000000c0000000,0x00000000c34d3838,0x00000000c4300000)
 Metaspace       used 54398K, committed 55488K, reserved 1114112K
  class space    used 5700K, committed 6208K, reserved 1048576K
}
Event: 4.593 GC heap after
{Heap after GC invocations=31 (full 2):
 PSYoungGen      total 20992K, used 2772K [0x00000000eab00000, 0x00000000ec280000, 0x0000000100000000)
  eden space 17920K, 0% used [0x00000000eab00000,0x00000000eab00000,0x00000000ebc80000)
  from space 3072K, 90% used [0x00000000ebc80000,0x00000000ebf352b8,0x00000000ebf80000)
  to   space 3072K, 0% used [0x00000000ebf80000,0x00000000ebf80000,0x00000000ec280000)
 ParOldGen       total 68608K, used 57086K [0x00000000c0000000, 0x00000000c4300000, 0x00000000eab00000)
  object space 68608K, 83% used [0x00000000c0000000,0x00000000c37bf8f0,0x00000000c4300000)
 Metaspace       used 54398K, committed 55488K, reserved 1114112K
  class space    used 5700K, committed 6208K, reserved 1048576K
}
Event: 4.665 GC heap before
{Heap before GC invocations=32 (full 2):
 PSYoungGen      total 20992K, used 20692K [0x00000000eab00000, 0x00000000ec280000, 0x0000000100000000)
  eden space 17920K, 100% used [0x00000000eab00000,0x00000000ebc80000,0x00000000ebc80000)
  from space 3072K, 90% used [0x00000000ebc80000,0x00000000ebf352b8,0x00000000ebf80000)
  to   space 3072K, 0% used [0x00000000ebf80000,0x00000000ebf80000,0x00000000ec280000)
 ParOldGen       total 68608K, used 57086K [0x00000000c0000000, 0x00000000c4300000, 0x00000000eab00000)
  object space 68608K, 83% used [0x00000000c0000000,0x00000000c37bf8f0,0x00000000c4300000)
 Metaspace       used 54693K, committed 55744K, reserved 1114112K
  class space    used 5745K, committed 6208K, reserved 1048576K
}
Event: 4.668 GC heap after
{Heap after GC invocations=32 (full 2):
 PSYoungGen      total 17920K, used 3041K [0x00000000eab00000, 0x00000000ec880000, 0x0000000100000000)
  eden space 14848K, 0% used [0x00000000eab00000,0x00000000eab00000,0x00000000eb980000)
  from space 3072K, 98% used [0x00000000ebf80000,0x00000000ec2784c8,0x00000000ec280000)
  to   space 6144K, 0% used [0x00000000eb980000,0x00000000eb980000,0x00000000ebf80000)
 ParOldGen       total 68608K, used 59606K [0x00000000c0000000, 0x00000000c4300000, 0x00000000eab00000)
  object space 68608K, 86% used [0x00000000c0000000,0x00000000c3a35880,0x00000000c4300000)
 Metaspace       used 54693K, committed 55744K, reserved 1114112K
  class space    used 5745K, committed 6208K, reserved 1048576K
}
Event: 4.756 GC heap before
{Heap before GC invocations=33 (full 2):
 PSYoungGen      total 17920K, used 17852K [0x00000000eab00000, 0x00000000ec880000, 0x0000000100000000)
  eden space 14848K, 99% used [0x00000000eab00000,0x00000000eb976c40,0x00000000eb980000)
  from space 3072K, 98% used [0x00000000ebf80000,0x00000000ec2784c8,0x00000000ec280000)
  to   space 6144K, 0% used [0x00000000eb980000,0x00000000eb980000,0x00000000ebf80000)
 ParOldGen       total 68608K, used 59606K [0x00000000c0000000, 0x00000000c4300000, 0x00000000eab00000)
  object space 68608K, 86% used [0x00000000c0000000,0x00000000c3a35880,0x00000000c4300000)
 Metaspace       used 55215K, committed 56256K, reserved 1114112K
  class space    used 5804K, committed 6272K, reserved 1048576K
}
Event: 4.761 GC heap after
{Heap after GC invocations=33 (full 2):
 PSYoungGen      total 18432K, used 3136K [0x00000000eab00000, 0x00000000ec180000, 0x0000000100000000)
  eden space 14848K, 0% used [0x00000000eab00000,0x00000000eab00000,0x00000000eb980000)
  from space 3584K, 87% used [0x00000000eb980000,0x00000000ebc90008,0x00000000ebd00000)
  to   space 4096K, 0% used [0x00000000ebd80000,0x00000000ebd80000,0x00000000ec180000)
 ParOldGen       total 68608K, used 62494K [0x00000000c0000000, 0x00000000c4300000, 0x00000000eab00000)
  object space 68608K, 91% used [0x00000000c0000000,0x00000000c3d07ac8,0x00000000c4300000)
 Metaspace       used 55215K, committed 56256K, reserved 1114112K
  class space    used 5804K, committed 6272K, reserved 1048576K
}
Event: 4.867 GC heap before
{Heap before GC invocations=34 (full 2):
 PSYoungGen      total 18432K, used 17984K [0x00000000eab00000, 0x00000000ec180000, 0x0000000100000000)
  eden space 14848K, 100% used [0x00000000eab00000,0x00000000eb980000,0x00000000eb980000)
  from space 3584K, 87% used [0x00000000eb980000,0x00000000ebc90008,0x00000000ebd00000)
  to   space 4096K, 0% used [0x00000000ebd80000,0x00000000ebd80000,0x00000000ec180000)
 ParOldGen       total 68608K, used 62494K [0x00000000c0000000, 0x00000000c4300000, 0x00000000eab00000)
  object space 68608K, 91% used [0x00000000c0000000,0x00000000c3d07ac8,0x00000000c4300000)
 Metaspace       used 55610K, committed 56640K, reserved 1114112K
  class space    used 5848K, committed 6336K, reserved 1048576K
}
Event: 4.873 GC heap after
{Heap after GC invocations=34 (full 2):
 PSYoungGen      total 17920K, used 2833K [0x00000000eab00000, 0x00000000ec080000, 0x0000000100000000)
  eden space 14848K, 0% used [0x00000000eab00000,0x00000000eab00000,0x00000000eb980000)
  from space 3072K, 92% used [0x00000000ebd80000,0x00000000ec0444e0,0x00000000ec080000)
  to   space 3584K, 0% used [0x00000000eb980000,0x00000000eb980000,0x00000000ebd00000)
 ParOldGen       total 68608K, used 65358K [0x00000000c0000000, 0x00000000c4300000, 0x00000000eab00000)
  object space 68608K, 95% used [0x00000000c0000000,0x00000000c3fd3878,0x00000000c4300000)
 Metaspace       used 55610K, committed 56640K, reserved 1114112K
  class space    used 5848K, committed 6336K, reserved 1048576K
}
Event: 4.978 GC heap before
{Heap before GC invocations=35 (full 2):
 PSYoungGen      total 17920K, used 17681K [0x00000000eab00000, 0x00000000ec080000, 0x0000000100000000)
  eden space 14848K, 100% used [0x00000000eab00000,0x00000000eb980000,0x00000000eb980000)
  from space 3072K, 92% used [0x00000000ebd80000,0x00000000ec0444e0,0x00000000ec080000)
  to   space 3584K, 0% used [0x00000000eb980000,0x00000000eb980000,0x00000000ebd00000)
 ParOldGen       total 68608K, used 65358K [0x00000000c0000000, 0x00000000c4300000, 0x00000000eab00000)
  object space 68608K, 95% used [0x00000000c0000000,0x00000000c3fd3878,0x00000000c4300000)
 Metaspace       used 55880K, committed 56960K, reserved 1114112K
  class space    used 5878K, committed 6400K, reserved 1048576K
}
Event: 4.983 GC heap after
{Heap after GC invocations=35 (full 2):
 PSYoungGen      total 18432K, used 3074K [0x00000000eab00000, 0x00000000ec080000, 0x0000000100000000)
  eden space 14848K, 0% used [0x00000000eab00000,0x00000000eab00000,0x00000000eb980000)
  from space 3584K, 85% used [0x00000000eb980000,0x00000000ebc80a88,0x00000000ebd00000)
  to   space 3584K, 0% used [0x00000000ebd00000,0x00000000ebd00000,0x00000000ec080000)
 ParOldGen       total 68608K, used 67896K [0x00000000c0000000, 0x00000000c4300000, 0x00000000eab00000)
  object space 68608K, 98% used [0x00000000c0000000,0x00000000c424e188,0x00000000c4300000)
 Metaspace       used 55880K, committed 56960K, reserved 1114112K
  class space    used 5878K, committed 6400K, reserved 1048576K
}
Event: 5.066 GC heap before
{Heap before GC invocations=36 (full 3):
 PSYoungGen      total 18432K, used 17922K [0x00000000eab00000, 0x00000000ec080000, 0x0000000100000000)
  eden space 14848K, 100% used [0x00000000eab00000,0x00000000eb980000,0x00000000eb980000)
  from space 3584K, 85% used [0x00000000eb980000,0x00000000ebc80a88,0x00000000ebd00000)
  to   space 3584K, 0% used [0x00000000ebd00000,0x00000000ebd00000,0x00000000ec080000)
 ParOldGen       total 68608K, used 67896K [0x00000000c0000000, 0x00000000c4300000, 0x00000000eab00000)
  object space 68608K, 98% used [0x00000000c0000000,0x00000000c424e188,0x00000000c4300000)
 Metaspace       used 56281K, committed 57344K, reserved 1114112K
  class space    used 5926K, committed 6400K, reserved 1048576K
}
Event: 5.150 GC heap after
{Heap after GC invocations=36 (full 3):
 PSYoungGen      total 18432K, used 0K [0x00000000eab00000, 0x00000000ec080000, 0x0000000100000000)
  eden space 14848K, 0% used [0x00000000eab00000,0x00000000eab00000,0x00000000eb980000)
  from space 3584K, 0% used [0x00000000ebd00000,0x00000000ebd00000,0x00000000ec080000)
  to   space 3584K, 0% used [0x00000000eb980000,0x00000000eb980000,0x00000000ebd00000)
 ParOldGen       total 68608K, used 65674K [0x00000000c0000000, 0x00000000c4300000, 0x00000000eab00000)
  object space 68608K, 95% used [0x00000000c0000000,0x00000000c40229b8,0x00000000c4300000)
 Metaspace       used 56273K, committed 57344K, reserved 1114112K
  class space    used 5924K, committed 6400K, reserved 1048576K
}
Event: 5.220 GC heap before
{Heap before GC invocations=37 (full 3):
 PSYoungGen      total 18432K, used 14848K [0x00000000eab00000, 0x00000000ec080000, 0x0000000100000000)
  eden space 14848K, 100% used [0x00000000eab00000,0x00000000eb980000,0x00000000eb980000)
  from space 3584K, 0% used [0x00000000ebd00000,0x00000000ebd00000,0x00000000ec080000)
  to   space 3584K, 0% used [0x00000000eb980000,0x00000000eb980000,0x00000000ebd00000)
 ParOldGen       total 68608K, used 65674K [0x00000000c0000000, 0x00000000c4300000, 0x00000000eab00000)
  object space 68608K, 95% used [0x00000000c0000000,0x00000000c40229b8,0x00000000c4300000)
 Metaspace       used 56546K, committed 57600K, reserved 1114112K
  class space    used 5971K, committed 6464K, reserved 1048576K
}
Event: 5.222 GC heap after
{Heap after GC invocations=37 (full 3):
 PSYoungGen      total 17920K, used 2731K [0x00000000eab00000, 0x00000000ebf80000, 0x0000000100000000)
  eden space 14848K, 0% used [0x00000000eab00000,0x00000000eab00000,0x00000000eb980000)
  from space 3072K, 88% used [0x00000000eb980000,0x00000000ebc2ad40,0x00000000ebc80000)
  to   space 3072K, 0% used [0x00000000ebc80000,0x00000000ebc80000,0x00000000ebf80000)
 ParOldGen       total 68608K, used 65682K [0x00000000c0000000, 0x00000000c4300000, 0x00000000eab00000)
  object space 68608K, 95% used [0x00000000c0000000,0x00000000c40249b8,0x00000000c4300000)
 Metaspace       used 56546K, committed 57600K, reserved 1114112K
  class space    used 5971K, committed 6464K, reserved 1048576K
}

