# JRE version: OpenJDK Runtime Environment Temurin-17.0.13+11 (17.0.13+11) (build 17.0.13+11)
# Java VM: OpenJDK 64-Bit Server VM Temurin-17.0.13+11 (17.0.13+11, mixed mode, tiered, compressed oops, compressed class ptrs, parallel gc, windows-amd64)
GC Precious Log:
 CPUs: 16 total, 16 available
 Memory: 15613M
 Large Page Support: Disabled
 NUMA Support: Disabled
 Compressed Oops: Enabled (32-bit)
 Alignments: Space 512K, Generation 512K, Heap 2M
 Heap Min Capacity: 100M
 Heap Initial Capacity: 100M
 Heap Max Capacity: 1G
 Pre-touch: Disabled
 Parallel Workers: 13
Heap:
 PSYoungGen      total 30208K, used 2155K [0x00000000eab00000, 0x00000000ecc80000, 0x0000000100000000)
  eden space 26112K, 3% used [0x00000000eab00000,0x00000000eac148a0,0x00000000ec480000)
  from space 4096K, 29% used [0x00000000ec480000,0x00000000ec5ae690,0x00000000ec880000)
  to   space 2560K, 0% used [0x00000000eca00000,0x00000000eca00000,0x00000000ecc80000)
 ParOldGen       total 388096K, used 367035K [0x00000000c0000000, 0x00000000d7b00000, 0x00000000eab00000)
  object space 388096K, 94% used [0x00000000c0000000,0x00000000d666ec38,0x00000000d7b00000)
 Metaspace       used 76926K, committed 78336K, reserved 1179648K
  class space    used 8695K, committed 9280K, reserved 1048576K
GC Heap History (20 events):
Event: 9.214 GC heap before
{Heap before GC invocations=137 (full 8):
 PSYoungGen      total 30208K, used 30178K [0x00000000eab00000, 0x00000000eda00000, 0x0000000100000000)
  eden space 24064K, 100% used [0x00000000eab00000,0x00000000ec280000,0x00000000ec280000)
  from space 6144K, 99% used [0x00000000ec280000,0x00000000ec878ac8,0x00000000ec880000)
  to   space 10752K, 0% used [0x00000000ecf80000,0x00000000ecf80000,0x00000000eda00000)
 ParOldGen       total 302080K, used 251552K [0x00000000c0000000, 0x00000000d2700000, 0x00000000eab00000)
  object space 302080K, 83% used [0x00000000c0000000,0x00000000cf5a81f0,0x00000000d2700000)
 Metaspace       used 70213K, committed 71360K, reserved 1114112K
  class space    used 7820K, committed 8320K, reserved 1048576K
}
Event: 9.222 GC heap after
{Heap after GC invocations=137 (full 8):
 PSYoungGen      total 32768K, used 6091K [0x00000000eab00000, 0x00000000ed580000, 0x0000000100000000)
  eden space 26624K, 0% used [0x00000000eab00000,0x00000000eab00000,0x00000000ec500000)
  from space 6144K, 99% used [0x00000000ecf80000,0x00000000ed572f60,0x00000000ed580000)
  to   space 7680K, 0% used [0x00000000ec680000,0x00000000ec680000,0x00000000ece00000)
 ParOldGen       total 302080K, used 257540K [0x00000000c0000000, 0x00000000d2700000, 0x00000000eab00000)
  object space 302080K, 85% used [0x00000000c0000000,0x00000000cfb813d8,0x00000000d2700000)
 Metaspace       used 70213K, committed 71360K, reserved 1114112K
  class space    used 7820K, committed 8320K, reserved 1048576K
}
Event: 9.255 GC heap before
{Heap before GC invocations=138 (full 8):
 PSYoungGen      total 32768K, used 32715K [0x00000000eab00000, 0x00000000ed580000, 0x0000000100000000)
  eden space 26624K, 100% used [0x00000000eab00000,0x00000000ec500000,0x00000000ec500000)
  from space 6144K, 99% used [0x00000000ecf80000,0x00000000ed572f60,0x00000000ed580000)
  to   space 7680K, 0% used [0x00000000ec680000,0x00000000ec680000,0x00000000ece00000)
 ParOldGen       total 302080K, used 257540K [0x00000000c0000000, 0x00000000d2700000, 0x00000000eab00000)
  object space 302080K, 85% used [0x00000000c0000000,0x00000000cfb813d8,0x00000000d2700000)
 Metaspace       used 70513K, committed 71744K, reserved 1114112K
  class space    used 7869K, committed 8384K, reserved 1048576K
}
Event: 9.260 GC heap after
{Heap after GC invocations=138 (full 8):
 PSYoungGen      total 35840K, used 7663K [0x00000000eab00000, 0x00000000ee500000, 0x0000000100000000)
  eden space 28160K, 0% used [0x00000000eab00000,0x00000000eab00000,0x00000000ec680000)
  from space 7680K, 99% used [0x00000000ec680000,0x00000000ecdfbce0,0x00000000ece00000)
  to   space 14848K, 0% used [0x00000000ed680000,0x00000000ed680000,0x00000000ee500000)
 ParOldGen       total 302080K, used 263362K [0x00000000c0000000, 0x00000000d2700000, 0x00000000eab00000)
  object space 302080K, 87% used [0x00000000c0000000,0x00000000d0130b68,0x00000000d2700000)
 Metaspace       used 70513K, committed 71744K, reserved 1114112K
  class space    used 7869K, committed 8384K, reserved 1048576K
}
Event: 9.288 GC heap before
{Heap before GC invocations=139 (full 8):
 PSYoungGen      total 35840K, used 35823K [0x00000000eab00000, 0x00000000ee500000, 0x0000000100000000)
  eden space 28160K, 100% used [0x00000000eab00000,0x00000000ec680000,0x00000000ec680000)
  from space 7680K, 99% used [0x00000000ec680000,0x00000000ecdfbce0,0x00000000ece00000)
  to   space 14848K, 0% used [0x00000000ed680000,0x00000000ed680000,0x00000000ee500000)
 ParOldGen       total 302080K, used 263446K [0x00000000c0000000, 0x00000000d2700000, 0x00000000eab00000)
  object space 302080K, 87% used [0x00000000c0000000,0x00000000d0145b30,0x00000000d2700000)
 Metaspace       used 70749K, committed 71936K, reserved 1114112K
  class space    used 7923K, committed 8448K, reserved 1048576K
}
Event: 9.296 GC heap after
{Heap after GC invocations=139 (full 8):
 PSYoungGen      total 39936K, used 10126K [0x00000000eab00000, 0x00000000ee080000, 0x0000000100000000)
  eden space 29696K, 0% used [0x00000000eab00000,0x00000000eab00000,0x00000000ec800000)
  from space 10240K, 98% used [0x00000000ed680000,0x00000000ee0638c0,0x00000000ee080000)
  to   space 11776K, 0% used [0x00000000ec980000,0x00000000ec980000,0x00000000ed500000)
 ParOldGen       total 302080K, used 270952K [0x00000000c0000000, 0x00000000d2700000, 0x00000000eab00000)
  object space 302080K, 89% used [0x00000000c0000000,0x00000000d089a1a8,0x00000000d2700000)
 Metaspace       used 70749K, committed 71936K, reserved 1114112K
  class space    used 7923K, committed 8448K, reserved 1048576K
}
Event: 9.477 GC heap before
{Heap before GC invocations=140 (full 8):
 PSYoungGen      total 39936K, used 39822K [0x00000000eab00000, 0x00000000ee080000, 0x0000000100000000)
  eden space 29696K, 100% used [0x00000000eab00000,0x00000000ec800000,0x00000000ec800000)
  from space 10240K, 98% used [0x00000000ed680000,0x00000000ee0638c0,0x00000000ee080000)
  to   space 11776K, 0% used [0x00000000ec980000,0x00000000ec980000,0x00000000ed500000)
 ParOldGen       total 302080K, used 271024K [0x00000000c0000000, 0x00000000d2700000, 0x00000000eab00000)
  object space 302080K, 89% used [0x00000000c0000000,0x00000000d08ac0e8,0x00000000d2700000)
 Metaspace       used 71612K, committed 72832K, reserved 1114112K
  class space    used 8026K, committed 8576K, reserved 1048576K
}
Event: 9.484 GC heap after
{Heap after GC invocations=140 (full 8):
 PSYoungGen      total 39936K, used 8208K [0x00000000eab00000, 0x00000000edd80000, 0x0000000100000000)
  eden space 31232K, 0% used [0x00000000eab00000,0x00000000eab00000,0x00000000ec980000)
  from space 8704K, 94% used [0x00000000ec980000,0x00000000ed1841d0,0x00000000ed200000)
  to   space 9216K, 0% used [0x00000000ed480000,0x00000000ed480000,0x00000000edd80000)
 ParOldGen       total 302080K, used 280796K [0x00000000c0000000, 0x00000000d2700000, 0x00000000eab00000)
  object space 302080K, 92% used [0x00000000c0000000,0x00000000d12373a0,0x00000000d2700000)
 Metaspace       used 71612K, committed 72832K, reserved 1114112K
  class space    used 8026K, committed 8576K, reserved 1048576K
}
Event: 9.908 GC heap before
{Heap before GC invocations=141 (full 8):
 PSYoungGen      total 39936K, used 39276K [0x00000000eab00000, 0x00000000edd80000, 0x0000000100000000)
  eden space 31232K, 99% used [0x00000000eab00000,0x00000000ec957088,0x00000000ec980000)
  from space 8704K, 94% used [0x00000000ec980000,0x00000000ed1841d0,0x00000000ed200000)
  to   space 9216K, 0% used [0x00000000ed480000,0x00000000ed480000,0x00000000edd80000)
 ParOldGen       total 302080K, used 281468K [0x00000000c0000000, 0x00000000d2700000, 0x00000000eab00000)
  object space 302080K, 93% used [0x00000000c0000000,0x00000000d12df3a0,0x00000000d2700000)
 Metaspace       used 73020K, committed 74176K, reserved 1114112K
  class space    used 8227K, committed 8704K, reserved 1048576K
}
Event: 9.915 GC heap after
{Heap after GC invocations=141 (full 8):
 PSYoungGen      total 28160K, used 9193K [0x00000000eab00000, 0x00000000ef980000, 0x0000000100000000)
  eden space 18944K, 0% used [0x00000000eab00000,0x00000000eab00000,0x00000000ebd80000)
  from space 9216K, 99% used [0x00000000ed480000,0x00000000edd7a658,0x00000000edd80000)
  to   space 23552K, 0% used [0x00000000ebd80000,0x00000000ebd80000,0x00000000ed480000)
 ParOldGen       total 302080K, used 293364K [0x00000000c0000000, 0x00000000d2700000, 0x00000000eab00000)
  object space 302080K, 97% used [0x00000000c0000000,0x00000000d1e7d210,0x00000000d2700000)
 Metaspace       used 73020K, committed 74176K, reserved 1114112K
  class space    used 8227K, committed 8704K, reserved 1048576K
}
Event: 10.163 GC heap before
{Heap before GC invocations=142 (full 9):
 PSYoungGen      total 28160K, used 28137K [0x00000000eab00000, 0x00000000ef980000, 0x0000000100000000)
  eden space 18944K, 100% used [0x00000000eab00000,0x00000000ebd80000,0x00000000ebd80000)
  from space 9216K, 99% used [0x00000000ed480000,0x00000000edd7a658,0x00000000edd80000)
  to   space 23552K, 0% used [0x00000000ebd80000,0x00000000ebd80000,0x00000000ed480000)
 ParOldGen       total 302080K, used 293876K [0x00000000c0000000, 0x00000000d2700000, 0x00000000eab00000)
  object space 302080K, 97% used [0x00000000c0000000,0x00000000d1efd000,0x00000000d2700000)
 Metaspace       used 73618K, committed 74816K, reserved 1179648K
  class space    used 8307K, committed 8832K, reserved 1048576K
}
Event: 10.469 GC heap after
{Heap after GC invocations=142 (full 9):
 PSYoungGen      total 42496K, used 6169K [0x00000000eab00000, 0x00000000eed80000, 0x0000000100000000)
  eden space 18944K, 32% used [0x00000000eab00000,0x00000000eb106418,0x00000000ebd80000)
  from space 23552K, 0% used [0x00000000ebd80000,0x00000000ebd80000,0x00000000ed480000)
  to   space 9216K, 0% used [0x00000000ed480000,0x00000000ed480000,0x00000000edd80000)
 ParOldGen       total 388096K, used 301926K [0x00000000c0000000, 0x00000000d7b00000, 0x00000000eab00000)
  object space 388096K, 77% used [0x00000000c0000000,0x00000000d26d9868,0x00000000d7b00000)
 Metaspace       used 73618K, committed 74816K, reserved 1179648K
  class space    used 8307K, committed 8832K, reserved 1048576K
}
Event: 10.600 GC heap before
{Heap before GC invocations=143 (full 9):
 PSYoungGen      total 42496K, used 18944K [0x00000000eab00000, 0x00000000eed80000, 0x0000000100000000)
  eden space 18944K, 100% used [0x00000000eab00000,0x00000000ebd80000,0x00000000ebd80000)
  from space 23552K, 0% used [0x00000000ebd80000,0x00000000ebd80000,0x00000000ed480000)
  to   space 9216K, 0% used [0x00000000ed480000,0x00000000ed480000,0x00000000edd80000)
 ParOldGen       total 388096K, used 301926K [0x00000000c0000000, 0x00000000d7b00000, 0x00000000eab00000)
  object space 388096K, 77% used [0x00000000c0000000,0x00000000d26d9868,0x00000000d7b00000)
 Metaspace       used 73776K, committed 74944K, reserved 1179648K
  class space    used 8324K, committed 8832K, reserved 1048576K
}
Event: 10.624 GC heap after
{Heap after GC invocations=143 (full 9):
 PSYoungGen      total 26112K, used 5411K [0x00000000eab00000, 0x00000000eda00000, 0x0000000100000000)
  eden space 20480K, 0% used [0x00000000eab00000,0x00000000eab00000,0x00000000ebf00000)
  from space 5632K, 96% used [0x00000000ed480000,0x00000000ed9c8dd8,0x00000000eda00000)
  to   space 11264K, 0% used [0x00000000ec400000,0x00000000ec400000,0x00000000ecf00000)
 ParOldGen       total 388096K, used 306896K [0x00000000c0000000, 0x00000000d7b00000, 0x00000000eab00000)
  object space 388096K, 79% used [0x00000000c0000000,0x00000000d2bb4220,0x00000000d7b00000)
 Metaspace       used 73776K, committed 74944K, reserved 1179648K
  class space    used 8324K, committed 8832K, reserved 1048576K
}
Event: 10.963 GC heap before
{Heap before GC invocations=144 (full 9):
 PSYoungGen      total 26112K, used 25891K [0x00000000eab00000, 0x00000000eda00000, 0x0000000100000000)
  eden space 20480K, 100% used [0x00000000eab00000,0x00000000ebf00000,0x00000000ebf00000)
  from space 5632K, 96% used [0x00000000ed480000,0x00000000ed9c8dd8,0x00000000eda00000)
  to   space 11264K, 0% used [0x00000000ec400000,0x00000000ec400000,0x00000000ecf00000)
 ParOldGen       total 388096K, used 306896K [0x00000000c0000000, 0x00000000d7b00000, 0x00000000eab00000)
  object space 388096K, 79% used [0x00000000c0000000,0x00000000d2bb4220,0x00000000d7b00000)
 Metaspace       used 74739K, committed 76032K, reserved 1179648K
  class space    used 8463K, committed 9024K, reserved 1048576K
}
Event: 10.972 GC heap after
{Heap after GC invocations=144 (full 9):
 PSYoungGen      total 31744K, used 11234K [0x00000000eab00000, 0x00000000edd00000, 0x0000000100000000)
  eden space 20480K, 0% used [0x00000000eab00000,0x00000000eab00000,0x00000000ebf00000)
  from space 11264K, 99% used [0x00000000ec400000,0x00000000ecef8980,0x00000000ecf00000)
  to   space 14336K, 0% used [0x00000000ecf00000,0x00000000ecf00000,0x00000000edd00000)
 ParOldGen       total 388096K, used 309136K [0x00000000c0000000, 0x00000000d7b00000, 0x00000000eab00000)
  object space 388096K, 79% used [0x00000000c0000000,0x00000000d2de41b0,0x00000000d7b00000)
 Metaspace       used 74739K, committed 76032K, reserved 1179648K
  class space    used 8463K, committed 9024K, reserved 1048576K
}
Event: 11.167 GC heap before
{Heap before GC invocations=145 (full 9):
 PSYoungGen      total 31744K, used 31714K [0x00000000eab00000, 0x00000000edd00000, 0x0000000100000000)
  eden space 20480K, 100% used [0x00000000eab00000,0x00000000ebf00000,0x00000000ebf00000)
  from space 11264K, 99% used [0x00000000ec400000,0x00000000ecef8980,0x00000000ecf00000)
  to   space 14336K, 0% used [0x00000000ecf00000,0x00000000ecf00000,0x00000000edd00000)
 ParOldGen       total 388096K, used 309136K [0x00000000c0000000, 0x00000000d7b00000, 0x00000000eab00000)
  object space 388096K, 79% used [0x00000000c0000000,0x00000000d2de41b0,0x00000000d7b00000)
 Metaspace       used 76344K, committed 77760K, reserved 1179648K
  class space    used 8623K, committed 9280K, reserved 1048576K
}
Event: 11.177 GC heap after
{Heap after GC invocations=145 (full 9):
 PSYoungGen      total 26112K, used 5318K [0x00000000eab00000, 0x00000000ed480000, 0x0000000100000000)
  eden space 20480K, 0% used [0x00000000eab00000,0x00000000eab00000,0x00000000ebf00000)
  from space 5632K, 94% used [0x00000000ecf00000,0x00000000ed431808,0x00000000ed480000)
  to   space 8704K, 0% used [0x00000000ec380000,0x00000000ec380000,0x00000000ecc00000)
 ParOldGen       total 388096K, used 320356K [0x00000000c0000000, 0x00000000d7b00000, 0x00000000eab00000)
  object space 388096K, 82% used [0x00000000c0000000,0x00000000d38d9040,0x00000000d7b00000)
 Metaspace       used 76344K, committed 77760K, reserved 1179648K
  class space    used 8623K, committed 9280K, reserved 1048576K
}
Event: 11.327 GC heap before
{Heap before GC invocations=146 (full 9):
 PSYoungGen      total 26112K, used 25798K [0x00000000eab00000, 0x00000000ed480000, 0x0000000100000000)
  eden space 20480K, 100% used [0x00000000eab00000,0x00000000ebf00000,0x00000000ebf00000)
  from space 5632K, 94% used [0x00000000ecf00000,0x00000000ed431808,0x00000000ed480000)
  to   space 8704K, 0% used [0x00000000ec380000,0x00000000ec380000,0x00000000ecc00000)
 ParOldGen       total 388096K, used 320356K [0x00000000c0000000, 0x00000000d7b00000, 0x00000000eab00000)
  object space 388096K, 82% used [0x00000000c0000000,0x00000000d38d9040,0x00000000d7b00000)
 Metaspace       used 76650K, committed 78016K, reserved 1179648K
  class space    used 8662K, committed 9280K, reserved 1048576K
}
Event: 11.334 GC heap after
{Heap after GC invocations=146 (full 9):
 PSYoungGen      total 29184K, used 8687K [0x00000000eab00000, 0x00000000ed200000, 0x0000000100000000)
  eden space 20480K, 0% used [0x00000000eab00000,0x00000000eab00000,0x00000000ebf00000)
  from space 8704K, 99% used [0x00000000ec380000,0x00000000ecbfbe48,0x00000000ecc00000)
  to   space 6144K, 0% used [0x00000000ecc00000,0x00000000ecc00000,0x00000000ed200000)
 ParOldGen       total 388096K, used 320460K [0x00000000c0000000, 0x00000000d7b00000, 0x00000000eab00000)
  object space 388096K, 82% used [0x00000000c0000000,0x00000000d38f3040,0x00000000d7b00000)
 Metaspace       used 76650K, committed 78016K, reserved 1179648K
  class space    used 8662K, committed 9280K, reserved 1048576K
}

