# JRE version: Java(TM) SE Runtime Environment (17.0.9+11) (build 17.0.9+11-LTS-201)
# Java VM: Java HotSpot(TM) 64-Bit Server VM (17.0.9+11-LTS-201, mixed mode, sharing, tiered, compressed oops, compressed class ptrs, g1 gc, windows-amd64)
GC Precious Log:
 CPUs: 16 total, 16 available
 Memory: 15613M
 Large Page Support: Disabled
 NUMA Support: Disabled
 Compressed Oops: Enabled (Zero based)
 Heap Region Size: 2M
 Heap Min Capacity: 8M
 Heap Initial Capacity: 244M
 Heap Max Capacity: 3904M
 Pre-touch: Disabled
 Parallel Workers: 13
 Concurrent Workers: 3
 Concurrent Refinement Workers: 13
 Periodic GC: Disabled
Heap:
 garbage-first heap   total 90112K, used 48974K [0x000000070c000000, 0x0000000800000000)
  region size 2048K, 6 young (12288K), 2 survivors (4096K)
 Metaspace       used 77988K, committed 78720K, reserved 1179648K
  class space    used 10408K, committed 10752K, reserved 1048576K
GC Heap History (20 events):
Event: 66.079 GC heap before
{Heap before GC invocations=22 (full 1):
 garbage-first heap   total 90112K, used 66293K [0x000000070c000000, 0x0000000800000000)
  region size 2048K, 16 young (32768K), 2 survivors (4096K)
 Metaspace       used 77296K, committed 77952K, reserved 1179648K
  class space    used 10373K, committed 10688K, reserved 1048576K
}
Event: 66.082 GC heap after
{Heap after GC invocations=23 (full 1):
 garbage-first heap   total 90112K, used 38845K [0x000000070c000000, 0x0000000800000000)
  region size 2048K, 2 young (4096K), 2 survivors (4096K)
 Metaspace       used 77296K, committed 77952K, reserved 1179648K
  class space    used 10373K, committed 10688K, reserved 1048576K
}
Event: 66.390 GC heap before
{Heap before GC invocations=24 (full 1):
 garbage-first heap   total 90112K, used 67517K [0x000000070c000000, 0x0000000800000000)
  region size 2048K, 16 young (32768K), 2 survivors (4096K)
 Metaspace       used 77387K, committed 78016K, reserved 1179648K
  class space    used 10377K, committed 10688K, reserved 1048576K
}
Event: 66.393 GC heap after
{Heap after GC invocations=25 (full 1):
 garbage-first heap   total 90112K, used 40131K [0x000000070c000000, 0x0000000800000000)
  region size 2048K, 2 young (4096K), 2 survivors (4096K)
 Metaspace       used 77387K, committed 78016K, reserved 1179648K
  class space    used 10377K, committed 10688K, reserved 1048576K
}
Event: 67.830 GC heap before
{Heap before GC invocations=25 (full 1):
 garbage-first heap   total 90112K, used 40131K [0x000000070c000000, 0x0000000800000000)
  region size 2048K, 3 young (6144K), 2 survivors (4096K)
 Metaspace       used 77406K, committed 78080K, reserved 1179648K
  class space    used 10378K, committed 10688K, reserved 1048576K
}
Event: 67.891 GC heap after
{Heap after GC invocations=26 (full 2):
 garbage-first heap   total 90112K, used 35751K [0x000000070c000000, 0x0000000800000000)
  region size 2048K, 0 young (0K), 0 survivors (0K)
 Metaspace       used 77406K, committed 78080K, reserved 1179648K
  class space    used 10378K, committed 10688K, reserved 1048576K
}
Event: 68.234 GC heap before
{Heap before GC invocations=26 (full 2):
 garbage-first heap   total 90112K, used 70567K [0x000000070c000000, 0x0000000800000000)
  region size 2048K, 17 young (34816K), 0 survivors (0K)
 Metaspace       used 77466K, committed 78144K, reserved 1179648K
  class space    used 10382K, committed 10688K, reserved 1048576K
}
Event: 68.236 GC heap after
{Heap after GC invocations=27 (full 2):
 garbage-first heap   total 90112K, used 38699K [0x000000070c000000, 0x0000000800000000)
  region size 2048K, 2 young (4096K), 2 survivors (4096K)
 Metaspace       used 77466K, committed 78144K, reserved 1179648K
  class space    used 10382K, committed 10688K, reserved 1048576K
}
Event: 68.613 GC heap before
{Heap before GC invocations=27 (full 2):
 garbage-first heap   total 90112K, used 69419K [0x000000070c000000, 0x0000000800000000)
  region size 2048K, 17 young (34816K), 2 survivors (4096K)
 Metaspace       used 77517K, committed 78208K, reserved 1179648K
  class space    used 10383K, committed 10688K, reserved 1048576K
}
Event: 68.616 GC heap after
{Heap after GC invocations=28 (full 2):
 garbage-first heap   total 90112K, used 40033K [0x000000070c000000, 0x0000000800000000)
  region size 2048K, 3 young (6144K), 3 survivors (6144K)
 Metaspace       used 77517K, committed 78208K, reserved 1179648K
  class space    used 10383K, committed 10688K, reserved 1048576K
}
Event: 68.953 GC heap before
{Heap before GC invocations=28 (full 2):
 garbage-first heap   total 90112K, used 68705K [0x000000070c000000, 0x0000000800000000)
  region size 2048K, 17 young (34816K), 3 survivors (6144K)
 Metaspace       used 77778K, committed 78464K, reserved 1179648K
  class space    used 10397K, committed 10752K, reserved 1048576K
}
Event: 68.959 GC heap after
{Heap after GC invocations=29 (full 2):
 garbage-first heap   total 90112K, used 41664K [0x000000070c000000, 0x0000000800000000)
  region size 2048K, 2 young (4096K), 2 survivors (4096K)
 Metaspace       used 77778K, committed 78464K, reserved 1179648K
  class space    used 10397K, committed 10752K, reserved 1048576K
}
Event: 69.223 GC heap before
{Heap before GC invocations=29 (full 2):
 garbage-first heap   total 90112K, used 68288K [0x000000070c000000, 0x0000000800000000)
  region size 2048K, 15 young (30720K), 2 survivors (4096K)
 Metaspace       used 77848K, committed 78592K, reserved 1179648K
  class space    used 10399K, committed 10752K, reserved 1048576K
}
Event: 69.226 GC heap after
{Heap after GC invocations=30 (full 2):
 garbage-first heap   total 90112K, used 43053K [0x000000070c000000, 0x0000000800000000)
  region size 2048K, 2 young (4096K), 2 survivors (4096K)
 Metaspace       used 77848K, committed 78592K, reserved 1179648K
  class space    used 10399K, committed 10752K, reserved 1048576K
}
Event: 69.551 GC heap before
{Heap before GC invocations=31 (full 2):
 garbage-first heap   total 90112K, used 69677K [0x000000070c000000, 0x0000000800000000)
  region size 2048K, 15 young (30720K), 2 survivors (4096K)
 Metaspace       used 77866K, committed 78592K, reserved 1179648K
  class space    used 10399K, committed 10752K, reserved 1048576K
}
Event: 69.553 GC heap after
{Heap after GC invocations=32 (full 2):
 garbage-first heap   total 90112K, used 43975K [0x000000070c000000, 0x0000000800000000)
  region size 2048K, 2 young (4096K), 2 survivors (4096K)
 Metaspace       used 77866K, committed 78592K, reserved 1179648K
  class space    used 10399K, committed 10752K, reserved 1048576K
}
Event: 81.436 GC heap before
{Heap before GC invocations=32 (full 2):
 garbage-first heap   total 90112K, used 62407K [0x000000070c000000, 0x0000000800000000)
  region size 2048K, 12 young (24576K), 2 survivors (4096K)
 Metaspace       used 77897K, committed 78592K, reserved 1179648K
  class space    used 10400K, committed 10752K, reserved 1048576K
}
Event: 81.503 GC heap after
{Heap after GC invocations=33 (full 3):
 garbage-first heap   total 90112K, used 40132K [0x000000070c000000, 0x0000000800000000)
  region size 2048K, 0 young (0K), 0 survivors (0K)
 Metaspace       used 77897K, committed 78592K, reserved 1179648K
  class space    used 10400K, committed 10752K, reserved 1048576K
}
Event: 81.985 GC heap before
{Heap before GC invocations=33 (full 3):
 garbage-first heap   total 90112K, used 70852K [0x000000070c000000, 0x0000000800000000)
  region size 2048K, 15 young (30720K), 0 survivors (0K)
 Metaspace       used 77970K, committed 78720K, reserved 1179648K
  class space    used 10404K, committed 10752K, reserved 1048576K
}
Event: 81.989 GC heap after
{Heap after GC invocations=34 (full 3):
 garbage-first heap   total 90112K, used 42830K [0x000000070c000000, 0x0000000800000000)
  region size 2048K, 2 young (4096K), 2 survivors (4096K)
 Metaspace       used 77970K, committed 78720K, reserved 1179648K
  class space    used 10404K, committed 10752K, reserved 1048576K
}

