# JRE version: OpenJDK Runtime Environment Temurin-17.0.13+11 (17.0.13+11) (build 17.0.13+11)
# Java VM: OpenJDK 64-Bit Server VM Temurin-17.0.13+11 (17.0.13+11, mixed mode, tiered, compressed oops, compressed class ptrs, parallel gc, windows-amd64)
GC Precious Log:
 CPUs: 16 total, 16 available
 Memory: 15613M
 Large Page Support: Disabled
 NUMA Support: Disabled
 Compressed Oops: Enabled (32-bit)
 Alignments: Space 512K, Generation 512K, Heap 2M
 Heap Min Capacity: 100M
 Heap Initial Capacity: 100M
 Heap Max Capacity: 1G
 Pre-touch: Disabled
 Parallel Workers: 13
Heap:
 PSYoungGen      total 22016K, used 16187K [0x00000000eab00000, 0x00000000ec800000, 0x0000000100000000)
  eden space 19456K, 70% used [0x00000000eab00000,0x00000000eb854d98,0x00000000ebe00000)
  from space 2560K, 99% used [0x00000000ebe00000,0x00000000ec079ed0,0x00000000ec080000)
  to   space 5120K, 0% used [0x00000000ec300000,0x00000000ec300000,0x00000000ec800000)
 ParOldGen       total 365056K, used 320948K [0x00000000c0000000, 0x00000000d6480000, 0x00000000eab00000)
  object space 365056K, 87% used [0x00000000c0000000,0x00000000d396d368,0x00000000d6480000)
 Metaspace       used 56678K, committed 57728K, reserved 1114112K
  class space    used 6004K, committed 6464K, reserved 1048576K
GC Heap History (20 events):
Event: 12.276 GC heap before
{Heap before GC invocations=97 (full 8):
 PSYoungGen      total 23552K, used 23526K [0x00000000eab00000, 0x00000000eca00000, 0x0000000100000000)
  eden space 21504K, 100% used [0x00000000eab00000,0x00000000ec000000,0x00000000ec000000)
  from space 2048K, 98% used [0x00000000ec180000,0x00000000ec379a20,0x00000000ec380000)
  to   space 5120K, 0% used [0x00000000ec500000,0x00000000ec500000,0x00000000eca00000)
 ParOldGen       total 365056K, used 313532K [0x00000000c0000000, 0x00000000d6480000, 0x00000000eab00000)
  object space 365056K, 85% used [0x00000000c0000000,0x00000000d322f368,0x00000000d6480000)
 Metaspace       used 56675K, committed 57728K, reserved 1114112K
  class space    used 6004K, committed 6464K, reserved 1048576K
}
Event: 12.279 GC heap after
{Heap after GC invocations=97 (full 8):
 PSYoungGen      total 25600K, used 3645K [0x00000000eab00000, 0x00000000ec900000, 0x0000000100000000)
  eden space 21504K, 0% used [0x00000000eab00000,0x00000000eab00000,0x00000000ec000000)
  from space 4096K, 89% used [0x00000000ec500000,0x00000000ec88f780,0x00000000ec900000)
  to   space 4096K, 0% used [0x00000000ec100000,0x00000000ec100000,0x00000000ec500000)
 ParOldGen       total 365056K, used 313676K [0x00000000c0000000, 0x00000000d6480000, 0x00000000eab00000)
  object space 365056K, 85% used [0x00000000c0000000,0x00000000d3253368,0x00000000d6480000)
 Metaspace       used 56675K, committed 57728K, reserved 1114112K
  class space    used 6004K, committed 6464K, reserved 1048576K
}
Event: 12.333 GC heap before
{Heap before GC invocations=98 (full 8):
 PSYoungGen      total 25600K, used 25149K [0x00000000eab00000, 0x00000000ec900000, 0x0000000100000000)
  eden space 21504K, 100% used [0x00000000eab00000,0x00000000ec000000,0x00000000ec000000)
  from space 4096K, 89% used [0x00000000ec500000,0x00000000ec88f780,0x00000000ec900000)
  to   space 4096K, 0% used [0x00000000ec100000,0x00000000ec100000,0x00000000ec500000)
 ParOldGen       total 365056K, used 313676K [0x00000000c0000000, 0x00000000d6480000, 0x00000000eab00000)
  object space 365056K, 85% used [0x00000000c0000000,0x00000000d3253368,0x00000000d6480000)
 Metaspace       used 56675K, committed 57728K, reserved 1114112K
  class space    used 6004K, committed 6464K, reserved 1048576K
}
Event: 12.337 GC heap after
{Heap after GC invocations=98 (full 8):
 PSYoungGen      total 25600K, used 4086K [0x00000000eab00000, 0x00000000ecc00000, 0x0000000100000000)
  eden space 21504K, 0% used [0x00000000eab00000,0x00000000eab00000,0x00000000ec000000)
  from space 4096K, 99% used [0x00000000ec100000,0x00000000ec4fdba0,0x00000000ec500000)
  to   space 6144K, 0% used [0x00000000ec600000,0x00000000ec600000,0x00000000ecc00000)
 ParOldGen       total 365056K, used 315300K [0x00000000c0000000, 0x00000000d6480000, 0x00000000eab00000)
  object space 365056K, 86% used [0x00000000c0000000,0x00000000d33e9368,0x00000000d6480000)
 Metaspace       used 56675K, committed 57728K, reserved 1114112K
  class space    used 6004K, committed 6464K, reserved 1048576K
}
Event: 12.395 GC heap before
{Heap before GC invocations=99 (full 8):
 PSYoungGen      total 25600K, used 25590K [0x00000000eab00000, 0x00000000ecc00000, 0x0000000100000000)
  eden space 21504K, 100% used [0x00000000eab00000,0x00000000ec000000,0x00000000ec000000)
  from space 4096K, 99% used [0x00000000ec100000,0x00000000ec4fdba0,0x00000000ec500000)
  to   space 6144K, 0% used [0x00000000ec600000,0x00000000ec600000,0x00000000ecc00000)
 ParOldGen       total 365056K, used 315300K [0x00000000c0000000, 0x00000000d6480000, 0x00000000eab00000)
  object space 365056K, 86% used [0x00000000c0000000,0x00000000d33e9368,0x00000000d6480000)
 Metaspace       used 56675K, committed 57728K, reserved 1114112K
  class space    used 6004K, committed 6464K, reserved 1048576K
}
Event: 12.398 GC heap after
{Heap after GC invocations=99 (full 8):
 PSYoungGen      total 26624K, used 6121K [0x00000000eab00000, 0x00000000ece00000, 0x0000000100000000)
  eden space 20480K, 0% used [0x00000000eab00000,0x00000000eab00000,0x00000000ebf00000)
  from space 6144K, 99% used [0x00000000ec600000,0x00000000ecbfa780,0x00000000ecc00000)
  to   space 7168K, 0% used [0x00000000ebf00000,0x00000000ebf00000,0x00000000ec600000)
 ParOldGen       total 365056K, used 315708K [0x00000000c0000000, 0x00000000d6480000, 0x00000000eab00000)
  object space 365056K, 86% used [0x00000000c0000000,0x00000000d344f368,0x00000000d6480000)
 Metaspace       used 56675K, committed 57728K, reserved 1114112K
  class space    used 6004K, committed 6464K, reserved 1048576K
}
Event: 12.536 GC heap before
{Heap before GC invocations=100 (full 8):
 PSYoungGen      total 26624K, used 26601K [0x00000000eab00000, 0x00000000ece00000, 0x0000000100000000)
  eden space 20480K, 100% used [0x00000000eab00000,0x00000000ebf00000,0x00000000ebf00000)
  from space 6144K, 99% used [0x00000000ec600000,0x00000000ecbfa780,0x00000000ecc00000)
  to   space 7168K, 0% used [0x00000000ebf00000,0x00000000ebf00000,0x00000000ec600000)
 ParOldGen       total 365056K, used 315708K [0x00000000c0000000, 0x00000000d6480000, 0x00000000eab00000)
  object space 365056K, 86% used [0x00000000c0000000,0x00000000d344f368,0x00000000d6480000)
 Metaspace       used 56675K, committed 57728K, reserved 1114112K
  class space    used 6004K, committed 6464K, reserved 1048576K
}
Event: 12.538 GC heap after
{Heap after GC invocations=100 (full 8):
 PSYoungGen      total 22016K, used 1090K [0x00000000eab00000, 0x00000000ec680000, 0x0000000100000000)
  eden space 20480K, 0% used [0x00000000eab00000,0x00000000eab00000,0x00000000ebf00000)
  from space 1536K, 70% used [0x00000000ebf00000,0x00000000ec0109e0,0x00000000ec080000)
  to   space 3584K, 0% used [0x00000000ec300000,0x00000000ec300000,0x00000000ec680000)
 ParOldGen       total 365056K, used 316748K [0x00000000c0000000, 0x00000000d6480000, 0x00000000eab00000)
  object space 365056K, 86% used [0x00000000c0000000,0x00000000d3553368,0x00000000d6480000)
 Metaspace       used 56675K, committed 57728K, reserved 1114112K
  class space    used 6004K, committed 6464K, reserved 1048576K
}
Event: 12.612 GC heap before
{Heap before GC invocations=101 (full 8):
 PSYoungGen      total 22016K, used 21570K [0x00000000eab00000, 0x00000000ec680000, 0x0000000100000000)
  eden space 20480K, 100% used [0x00000000eab00000,0x00000000ebf00000,0x00000000ebf00000)
  from space 1536K, 70% used [0x00000000ebf00000,0x00000000ec0109e0,0x00000000ec080000)
  to   space 3584K, 0% used [0x00000000ec300000,0x00000000ec300000,0x00000000ec680000)
 ParOldGen       total 365056K, used 316748K [0x00000000c0000000, 0x00000000d6480000, 0x00000000eab00000)
  object space 365056K, 86% used [0x00000000c0000000,0x00000000d3553368,0x00000000d6480000)
 Metaspace       used 56675K, committed 57728K, reserved 1114112K
  class space    used 6004K, committed 6464K, reserved 1048576K
}
Event: 12.613 GC heap after
{Heap after GC invocations=101 (full 8):
 PSYoungGen      total 23040K, used 2331K [0x00000000eab00000, 0x00000000ec580000, 0x0000000100000000)
  eden space 20480K, 0% used [0x00000000eab00000,0x00000000eab00000,0x00000000ebf00000)
  from space 2560K, 91% used [0x00000000ec300000,0x00000000ec546ec8,0x00000000ec580000)
  to   space 3072K, 0% used [0x00000000ebf80000,0x00000000ebf80000,0x00000000ec280000)
 ParOldGen       total 365056K, used 316748K [0x00000000c0000000, 0x00000000d6480000, 0x00000000eab00000)
  object space 365056K, 86% used [0x00000000c0000000,0x00000000d3553368,0x00000000d6480000)
 Metaspace       used 56675K, committed 57728K, reserved 1114112K
  class space    used 6004K, committed 6464K, reserved 1048576K
}
Event: 12.667 GC heap before
{Heap before GC invocations=102 (full 8):
 PSYoungGen      total 23040K, used 22811K [0x00000000eab00000, 0x00000000ec580000, 0x0000000100000000)
  eden space 20480K, 100% used [0x00000000eab00000,0x00000000ebf00000,0x00000000ebf00000)
  from space 2560K, 91% used [0x00000000ec300000,0x00000000ec546ec8,0x00000000ec580000)
  to   space 3072K, 0% used [0x00000000ebf80000,0x00000000ebf80000,0x00000000ec280000)
 ParOldGen       total 365056K, used 316748K [0x00000000c0000000, 0x00000000d6480000, 0x00000000eab00000)
  object space 365056K, 86% used [0x00000000c0000000,0x00000000d3553368,0x00000000d6480000)
 Metaspace       used 56676K, committed 57728K, reserved 1114112K
  class space    used 6004K, committed 6464K, reserved 1048576K
}
Event: 12.669 GC heap after
{Heap after GC invocations=102 (full 8):
 PSYoungGen      total 23552K, used 3057K [0x00000000eab00000, 0x00000000ec900000, 0x0000000100000000)
  eden space 20480K, 0% used [0x00000000eab00000,0x00000000eab00000,0x00000000ebf00000)
  from space 3072K, 99% used [0x00000000ebf80000,0x00000000ec27c6c8,0x00000000ec280000)
  to   space 5120K, 0% used [0x00000000ec400000,0x00000000ec400000,0x00000000ec900000)
 ParOldGen       total 365056K, used 318220K [0x00000000c0000000, 0x00000000d6480000, 0x00000000eab00000)
  object space 365056K, 87% used [0x00000000c0000000,0x00000000d36c3368,0x00000000d6480000)
 Metaspace       used 56676K, committed 57728K, reserved 1114112K
  class space    used 6004K, committed 6464K, reserved 1048576K
}
Event: 12.715 GC heap before
{Heap before GC invocations=103 (full 8):
 PSYoungGen      total 23552K, used 23537K [0x00000000eab00000, 0x00000000ec900000, 0x0000000100000000)
  eden space 20480K, 100% used [0x00000000eab00000,0x00000000ebf00000,0x00000000ebf00000)
  from space 3072K, 99% used [0x00000000ebf80000,0x00000000ec27c6c8,0x00000000ec280000)
  to   space 5120K, 0% used [0x00000000ec400000,0x00000000ec400000,0x00000000ec900000)
 ParOldGen       total 365056K, used 318220K [0x00000000c0000000, 0x00000000d6480000, 0x00000000eab00000)
  object space 365056K, 87% used [0x00000000c0000000,0x00000000d36c3368,0x00000000d6480000)
 Metaspace       used 56676K, committed 57728K, reserved 1114112K
  class space    used 6004K, committed 6464K, reserved 1048576K
}
Event: 12.718 GC heap after
{Heap after GC invocations=103 (full 8):
 PSYoungGen      total 24576K, used 5117K [0x00000000eab00000, 0x00000000ecb00000, 0x0000000100000000)
  eden space 19456K, 0% used [0x00000000eab00000,0x00000000eab00000,0x00000000ebe00000)
  from space 5120K, 99% used [0x00000000ec400000,0x00000000ec8ff6c8,0x00000000ec900000)
  to   space 6144K, 0% used [0x00000000ebe00000,0x00000000ebe00000,0x00000000ec400000)
 ParOldGen       total 365056K, used 318644K [0x00000000c0000000, 0x00000000d6480000, 0x00000000eab00000)
  object space 365056K, 87% used [0x00000000c0000000,0x00000000d372d368,0x00000000d6480000)
 Metaspace       used 56676K, committed 57728K, reserved 1114112K
  class space    used 6004K, committed 6464K, reserved 1048576K
}
Event: 12.831 GC heap before
{Heap before GC invocations=104 (full 8):
 PSYoungGen      total 24576K, used 24573K [0x00000000eab00000, 0x00000000ecb00000, 0x0000000100000000)
  eden space 19456K, 100% used [0x00000000eab00000,0x00000000ebe00000,0x00000000ebe00000)
  from space 5120K, 99% used [0x00000000ec400000,0x00000000ec8ff6c8,0x00000000ec900000)
  to   space 6144K, 0% used [0x00000000ebe00000,0x00000000ebe00000,0x00000000ec400000)
 ParOldGen       total 365056K, used 318644K [0x00000000c0000000, 0x00000000d6480000, 0x00000000eab00000)
  object space 365056K, 87% used [0x00000000c0000000,0x00000000d372d368,0x00000000d6480000)
 Metaspace       used 56677K, committed 57728K, reserved 1114112K
  class space    used 6004K, committed 6464K, reserved 1048576K
}
Event: 12.833 GC heap after
{Heap after GC invocations=104 (full 8):
 PSYoungGen      total 22016K, used 2411K [0x00000000eab00000, 0x00000000ec500000, 0x0000000100000000)
  eden space 19456K, 0% used [0x00000000eab00000,0x00000000eab00000,0x00000000ebe00000)
  from space 2560K, 94% used [0x00000000ebe00000,0x00000000ec05ad98,0x00000000ec080000)
  to   space 3584K, 0% used [0x00000000ec180000,0x00000000ec180000,0x00000000ec500000)
 ParOldGen       total 365056K, used 318892K [0x00000000c0000000, 0x00000000d6480000, 0x00000000eab00000)
  object space 365056K, 87% used [0x00000000c0000000,0x00000000d376b368,0x00000000d6480000)
 Metaspace       used 56677K, committed 57728K, reserved 1114112K
  class space    used 6004K, committed 6464K, reserved 1048576K
}
Event: 12.927 GC heap before
{Heap before GC invocations=105 (full 8):
 PSYoungGen      total 22016K, used 21867K [0x00000000eab00000, 0x00000000ec500000, 0x0000000100000000)
  eden space 19456K, 100% used [0x00000000eab00000,0x00000000ebe00000,0x00000000ebe00000)
  from space 2560K, 94% used [0x00000000ebe00000,0x00000000ec05ad98,0x00000000ec080000)
  to   space 3584K, 0% used [0x00000000ec180000,0x00000000ec180000,0x00000000ec500000)
 ParOldGen       total 365056K, used 318892K [0x00000000c0000000, 0x00000000d6480000, 0x00000000eab00000)
  object space 365056K, 87% used [0x00000000c0000000,0x00000000d376b368,0x00000000d6480000)
 Metaspace       used 56678K, committed 57728K, reserved 1114112K
  class space    used 6004K, committed 6464K, reserved 1048576K
}
Event: 12.929 GC heap after
{Heap after GC invocations=105 (full 8):
 PSYoungGen      total 22016K, used 2070K [0x00000000eab00000, 0x00000000ec400000, 0x0000000100000000)
  eden space 19456K, 0% used [0x00000000eab00000,0x00000000eab00000,0x00000000ebe00000)
  from space 2560K, 80% used [0x00000000ec180000,0x00000000ec385ad0,0x00000000ec400000)
  to   space 2560K, 0% used [0x00000000ebe00000,0x00000000ebe00000,0x00000000ec080000)
 ParOldGen       total 365056K, used 318900K [0x00000000c0000000, 0x00000000d6480000, 0x00000000eab00000)
  object space 365056K, 87% used [0x00000000c0000000,0x00000000d376d368,0x00000000d6480000)
 Metaspace       used 56678K, committed 57728K, reserved 1114112K
  class space    used 6004K, committed 6464K, reserved 1048576K
}
Event: 13.009 GC heap before
{Heap before GC invocations=106 (full 8):
 PSYoungGen      total 22016K, used 21526K [0x00000000eab00000, 0x00000000ec400000, 0x0000000100000000)
  eden space 19456K, 100% used [0x00000000eab00000,0x00000000ebe00000,0x00000000ebe00000)
  from space 2560K, 80% used [0x00000000ec180000,0x00000000ec385ad0,0x00000000ec400000)
  to   space 2560K, 0% used [0x00000000ebe00000,0x00000000ebe00000,0x00000000ec080000)
 ParOldGen       total 365056K, used 318900K [0x00000000c0000000, 0x00000000d6480000, 0x00000000eab00000)
  object space 365056K, 87% used [0x00000000c0000000,0x00000000d376d368,0x00000000d6480000)
 Metaspace       used 56678K, committed 57728K, reserved 1114112K
  class space    used 6004K, committed 6464K, reserved 1048576K
}
Event: 13.012 GC heap after
{Heap after GC invocations=106 (full 8):
 PSYoungGen      total 22016K, used 2535K [0x00000000eab00000, 0x00000000ec800000, 0x0000000100000000)
  eden space 19456K, 0% used [0x00000000eab00000,0x00000000eab00000,0x00000000ebe00000)
  from space 2560K, 99% used [0x00000000ebe00000,0x00000000ec079ed0,0x00000000ec080000)
  to   space 5120K, 0% used [0x00000000ec300000,0x00000000ec300000,0x00000000ec800000)
 ParOldGen       total 365056K, used 320948K [0x00000000c0000000, 0x00000000d6480000, 0x00000000eab00000)
  object space 365056K, 87% used [0x00000000c0000000,0x00000000d396d368,0x00000000d6480000)
 Metaspace       used 56678K, committed 57728K, reserved 1114112K
  class space    used 6004K, committed 6464K, reserved 1048576K
}

